method:POST state:400 url:/auth/login response-time: 75.670 ms http-version: HTTP/1.1" content-length:90  address:::1 date_web:[Tue, 13 Jun 2023 15:43:14 GMT]  
method:POST state:400 url:/auth/login response-time: 96.516 ms http-version: HTTP/1.1" content-length:49  address:::1 date_web:[Tue, 13 Jun 2023 15:46:07 GMT]  
method:POST state:200 url:/auth/login response-time: 596.989 ms http-version: HTTP/1.1" content-length:325  address:::1 date_web:[Tue, 13 Jun 2023 15:46:23 GMT]  
method:POST state:400 url:/auth/login response-time: 7.730 ms http-version: HTTP/1.1" content-length:49  address:::1 date_web:[Tue, 13 Jun 2023 15:46:28 GMT]  
method:POST state:200 url:/auth/login response-time: 509.463 ms http-version: HTTP/1.1" content-length:325  address:::1 date_web:[Tue, 13 Jun 2023 15:46:31 GMT]  
method:POST state:200 url:/auth/login response-time: 740.879 ms http-version: HTTP/1.1" content-length:325  address:::1 date_web:[Tue, 13 Jun 2023 15:46:51 GMT]  
method:POST state:400 url:/auth/login response-time: 18.228 ms http-version: HTTP/1.1" content-length:62  address:::1 date_web:[Tue, 13 Jun 2023 15:52:30 GMT]  
method:POST state:400 url:/auth/login response-time: 2.094 ms http-version: HTTP/1.1" content-length:62  address:::1 date_web:[Tue, 13 Jun 2023 15:52:38 GMT]  
method:POST state:400 url:/auth/login response-time: 1.343 ms http-version: HTTP/1.1" content-length:62  address:::1 date_web:[Tue, 13 Jun 2023 15:52:43 GMT]  
method:POST state:400 url:/auth/login response-time: 0.927 ms http-version: HTTP/1.1" content-length:62  address:::1 date_web:[Tue, 13 Jun 2023 15:52:46 GMT]  
method:POST state:400 url:/auth/login response-time: 1.334 ms http-version: HTTP/1.1" content-length:62  address:::1 date_web:[Tue, 13 Jun 2023 15:52:52 GMT]  
method:POST state:400 url:/auth/login response-time: 0.629 ms http-version: HTTP/1.1" content-length:62  address:::1 date_web:[Tue, 13 Jun 2023 15:52:54 GMT]  
method:POST state:400 url:/auth/login response-time: 1.325 ms http-version: HTTP/1.1" content-length:62  address:::1 date_web:[Tue, 13 Jun 2023 15:52:55 GMT]  
method:POST state:400 url:/auth/login response-time: 1.258 ms http-version: HTTP/1.1" content-length:62  address:::1 date_web:[Tue, 13 Jun 2023 15:52:58 GMT]  
method:POST state:400 url:/auth/login response-time: 0.552 ms http-version: HTTP/1.1" content-length:62  address:::1 date_web:[Tue, 13 Jun 2023 15:53:00 GMT]  
method:POST state:400 url:/auth/login response-time: 0.733 ms http-version: HTTP/1.1" content-length:62  address:::1 date_web:[Tue, 13 Jun 2023 15:53:03 GMT]  
method:POST state:200 url:/auth/login response-time: 650.835 ms http-version: HTTP/1.1" content-length:325  address:::1 date_web:[Tue, 13 Jun 2023 15:59:24 GMT]  
method:POST state:200 url:/auth/login response-time: 665.165 ms http-version: HTTP/1.1" content-length:325  address:::1 date_web:[Tue, 13 Jun 2023 15:59:39 GMT]  
method:POST state:200 url:/auth/login response-time: 740.006 ms http-version: HTTP/1.1" content-length:325  address:::1 date_web:[Tue, 13 Jun 2023 15:59:57 GMT]  
method:POST state:200 url:/auth/login response-time: 588.328 ms http-version: HTTP/1.1" content-length:325  address:::1 date_web:[Tue, 13 Jun 2023 16:00:30 GMT]  
method:POST state:400 url:/auth/login response-time: 18.650 ms http-version: HTTP/1.1" content-length:62  address:::1 date_web:[Tue, 13 Jun 2023 16:03:46 GMT]  
method:POST state:200 url:/auth/login response-time: 561.328 ms http-version: HTTP/1.1" content-length:325  address:::1 date_web:[Tue, 13 Jun 2023 16:07:06 GMT]  
method:POST state:200 url:/auth/login response-time: 719.906 ms http-version: HTTP/1.1" content-length:325  address:::1 date_web:[Tue, 13 Jun 2023 16:14:45 GMT]  
method:POST state:400 url:/auth/login response-time: - ms http-version: HTTP/1.1" content-length:78  address:::1 date_web:[Tue, 13 Jun 2023 16:14:54 GMT]  
method:POST state:400 url:/auth/login response-time: - ms http-version: HTTP/1.1" content-length:91  address:::1 date_web:[Tue, 13 Jun 2023 16:19:48 GMT]  
method:POST state:200 url:/auth/login response-time: 863.619 ms http-version: HTTP/1.1" content-length:325  address:::1 date_web:[Tue, 13 Jun 2023 16:20:28 GMT]  
method:POST state:200 url:/auth/login response-time: 590.205 ms http-version: HTTP/1.1" content-length:325  address:::1 date_web:[Tue, 13 Jun 2023 16:25:00 GMT]  
method:POST state:200 url:/auth/signup-doctor response-time: 677.735 ms http-version: HTTP/1.1" content-length:339  address:::1 date_web:[Tue, 13 Jun 2023 16:25:50 GMT]  
method:PUT state:400 url:/doctor/update response-time: 484.925 ms http-version: HTTP/1.1" content-length:78  address:::1 date_web:[Tue, 13 Jun 2023 16:46:35 GMT]  
method:PUT state:400 url:/doctor/update response-time: 148.765 ms http-version: HTTP/1.1" content-length:770  address:::1 date_web:[Tue, 13 Jun 2023 16:46:45 GMT]  
method:PUT state:200 url:/doctor/update response-time: 133.564 ms http-version: HTTP/1.1" content-length:133  address:::1 date_web:[Tue, 13 Jun 2023 16:46:56 GMT]  
method:PUT state:200 url:/doctor/update response-time: 369.965 ms http-version: HTTP/1.1" content-length:133  address:::1 date_web:[Tue, 13 Jun 2023 16:47:22 GMT]  
method:PUT state:400 url:/doctor/update response-time: - ms http-version: HTTP/1.1" content-length:76  address:::1 date_web:[Tue, 13 Jun 2023 16:48:27 GMT]  
method:PUT state:400 url:/doctor/update response-time: 69.850 ms http-version: HTTP/1.1" content-length:58  address:::1 date_web:[Tue, 13 Jun 2023 17:22:58 GMT]  
method:PUT state:400 url:/doctor/update response-time: 169.614 ms http-version: HTTP/1.1" content-length:58  address:::1 date_web:[Tue, 13 Jun 2023 17:23:23 GMT]  
method:PUT state:400 url:/doctor/update response-time: 85.808 ms http-version: HTTP/1.1" content-length:58  address:::1 date_web:[Tue, 13 Jun 2023 17:23:51 GMT]  
method:PUT state:400 url:/doctor/update response-time: 392.064 ms http-version: HTTP/1.1" content-length:58  address:::1 date_web:[Tue, 13 Jun 2023 17:24:01 GMT]  
method:PUT state:400 url:/doctor/update response-time: 345.892 ms http-version: HTTP/1.1" content-length:58  address:::1 date_web:[Tue, 13 Jun 2023 17:24:11 GMT]  
method:PUT state:400 url:/doctor/update response-time: 98.770 ms http-version: HTTP/1.1" content-length:58  address:::1 date_web:[Tue, 13 Jun 2023 17:24:24 GMT]  
method:PUT state:400 url:/doctor/update response-time: 80.214 ms http-version: HTTP/1.1" content-length:58  address:::1 date_web:[Tue, 13 Jun 2023 17:24:31 GMT]  
method:PUT state:400 url:/doctor/update response-time: 135.172 ms http-version: HTTP/1.1" content-length:58  address:::1 date_web:[Tue, 13 Jun 2023 17:24:38 GMT]  
method:PUT state:400 url:/doctor/update response-time: 92.499 ms http-version: HTTP/1.1" content-length:58  address:::1 date_web:[Tue, 13 Jun 2023 17:24:45 GMT]  
method:PUT state:400 url:/doctor/update response-time: 173.121 ms http-version: HTTP/1.1" content-length:58  address:::1 date_web:[Tue, 13 Jun 2023 17:24:55 GMT]  
method:PUT state:400 url:/doctor/update response-time: 256.398 ms http-version: HTTP/1.1" content-length:58  address:::1 date_web:[Tue, 13 Jun 2023 17:25:04 GMT]  
method:PUT state:400 url:/doctor/update response-time: 83.867 ms http-version: HTTP/1.1" content-length:58  address:::1 date_web:[Tue, 13 Jun 2023 17:25:18 GMT]  
method:PUT state:400 url:/doctor/update response-time: 75.448 ms http-version: HTTP/1.1" content-length:58  address:::1 date_web:[Tue, 13 Jun 2023 17:25:29 GMT]  
method:PUT state:400 url:/doctor/update response-time: 73.800 ms http-version: HTTP/1.1" content-length:58  address:::1 date_web:[Tue, 13 Jun 2023 17:25:37 GMT]  
method:PUT state:400 url:/doctor/update response-time: 83.432 ms http-version: HTTP/1.1" content-length:58  address:::1 date_web:[Tue, 13 Jun 2023 17:25:42 GMT]  
method:PUT state:400 url:/doctor/update response-time: 87.265 ms http-version: HTTP/1.1" content-length:58  address:::1 date_web:[Tue, 13 Jun 2023 17:25:52 GMT]  
method:PUT state:400 url:/doctor/update response-time: 70.072 ms http-version: HTTP/1.1" content-length:58  address:::1 date_web:[Tue, 13 Jun 2023 17:27:02 GMT]  
method:PUT state:400 url:/doctor/update response-time: 69.841 ms http-version: HTTP/1.1" content-length:58  address:::1 date_web:[Tue, 13 Jun 2023 17:27:54 GMT]  
method:PUT state:400 url:/doctor/update response-time: 69.876 ms http-version: HTTP/1.1" content-length:58  address:::1 date_web:[Tue, 13 Jun 2023 17:28:03 GMT]  
method:PUT state:400 url:/doctor/update response-time: 278.056 ms http-version: HTTP/1.1" content-length:58  address:::1 date_web:[Tue, 13 Jun 2023 17:28:10 GMT]  
method:PUT state:400 url:/doctor/update response-time: 72.398 ms http-version: HTTP/1.1" content-length:58  address:::1 date_web:[Tue, 13 Jun 2023 17:28:18 GMT]  
method:PUT state:400 url:/doctor/update response-time: 70.628 ms http-version: HTTP/1.1" content-length:58  address:::1 date_web:[Tue, 13 Jun 2023 17:28:29 GMT]  
method:POST state:200 url:/auth/login response-time: 575.183 ms http-version: HTTP/1.1" content-length:325  address:::1 date_web:[Tue, 13 Jun 2023 17:34:45 GMT]  
method:PUT state:401 url:/doctor/update response-time: 14.001 ms http-version: HTTP/1.1" content-length:64  address:::1 date_web:[Tue, 13 Jun 2023 17:34:51 GMT]  
method:GET state:404 url:/auth/logout response-time: 4.755 ms http-version: HTTP/1.1" content-length:150  address:::1 date_web:[Tue, 13 Jun 2023 17:41:48 GMT]  
method:POST state:404 url:/auth/login response-time: 79.867 ms http-version: HTTP/1.1" content-length:150  address:::1 date_web:[Tue, 13 Jun 2023 17:46:54 GMT]  
method:POST state:404 url:/auth/login response-time: 39.526 ms http-version: HTTP/1.1" content-length:150  address:::1 date_web:[Tue, 13 Jun 2023 17:47:21 GMT]  
method:POST state:404 url:/auth/login response-time: 309.122 ms http-version: HTTP/1.1" content-length:150  address:::1 date_web:[Tue, 13 Jun 2023 17:47:48 GMT]  
method:POST state:404 url:/auth/login response-time: 44.655 ms http-version: HTTP/1.1" content-length:150  address:::1 date_web:[Tue, 13 Jun 2023 17:48:13 GMT]  
method:POST state:404 url:/auth/login response-time: 217.648 ms http-version: HTTP/1.1" content-length:150  address:::1 date_web:[Tue, 13 Jun 2023 17:48:37 GMT]  
method:POST state:404 url:/auth/login response-time: 48.300 ms http-version: HTTP/1.1" content-length:150  address:::1 date_web:[Tue, 13 Jun 2023 17:48:49 GMT]  
method:POST state:404 url:/auth/login response-time: 60.819 ms http-version: HTTP/1.1" content-length:150  address:::1 date_web:[Tue, 13 Jun 2023 17:49:01 GMT]  
method:POST state:404 url:/auth/login response-time: 60.228 ms http-version: HTTP/1.1" content-length:150  address:::1 date_web:[Tue, 13 Jun 2023 17:49:28 GMT]  
method:POST state:404 url:/auth/login response-time: 53.344 ms http-version: HTTP/1.1" content-length:150  address:::1 date_web:[Tue, 13 Jun 2023 17:49:48 GMT]  
method:POST state:404 url:/auth/login response-time: 46.247 ms http-version: HTTP/1.1" content-length:150  address:::1 date_web:[Tue, 13 Jun 2023 17:50:04 GMT]  
method:POST state:404 url:/auth/login response-time: 42.736 ms http-version: HTTP/1.1" content-length:150  address:::1 date_web:[Tue, 13 Jun 2023 17:50:27 GMT]  
method:POST state:404 url:/auth/login response-time: 165.567 ms http-version: HTTP/1.1" content-length:150  address:::1 date_web:[Tue, 13 Jun 2023 17:50:44 GMT]  
method:POST state:404 url:/auth/login response-time: 49.152 ms http-version: HTTP/1.1" content-length:150  address:::1 date_web:[Tue, 13 Jun 2023 17:51:07 GMT]  
method:POST state:404 url:/auth/login response-time: 145.983 ms http-version: HTTP/1.1" content-length:150  address:::1 date_web:[Tue, 13 Jun 2023 17:52:00 GMT]  
method:POST state:404 url:/auth/login response-time: 50.881 ms http-version: HTTP/1.1" content-length:150  address:::1 date_web:[Tue, 13 Jun 2023 17:52:15 GMT]  
method:POST state:404 url:/auth/login response-time: 53.428 ms http-version: HTTP/1.1" content-length:150  address:::1 date_web:[Tue, 13 Jun 2023 17:52:39 GMT]  
method:POST state:404 url:/auth/login response-time: 51.205 ms http-version: HTTP/1.1" content-length:150  address:::1 date_web:[Tue, 13 Jun 2023 17:52:55 GMT]  
method:POST state:404 url:/auth/login response-time: 13.008 ms http-version: HTTP/1.1" content-length:150  address:::1 date_web:[Tue, 13 Jun 2023 17:53:40 GMT]  
method:POST state:404 url:/auth/login response-time: 11.635 ms http-version: HTTP/1.1" content-length:150  address:::1 date_web:[Tue, 13 Jun 2023 17:53:56 GMT]  
method:POST state:404 url:/auth/login response-time: 17.921 ms http-version: HTTP/1.1" content-length:150  address:::1 date_web:[Wed, 14 Jun 2023 04:56:26 GMT]  
method:POST state:404 url:/auth/login response-time: 17.492 ms http-version: HTTP/1.1" content-length:150  address:::1 date_web:[Wed, 14 Jun 2023 04:57:15 GMT]  
method:POST state:404 url:/auth/login response-time: 12.101 ms http-version: HTTP/1.1" content-length:150  address:::1 date_web:[Wed, 14 Jun 2023 04:57:33 GMT]  
method:POST state:200 url:/auth/login response-time: 14.461 ms http-version: HTTP/1.1" content-length:7  address:::1 date_web:[Wed, 14 Jun 2023 04:58:47 GMT]  
method:POST state:200 url:/auth/login response-time: 13.808 ms http-version: HTTP/1.1" content-length:9  address:::1 date_web:[Wed, 14 Jun 2023 04:59:04 GMT]  
method:POST state:200 url:/auth/login response-time: 2.401 ms http-version: HTTP/1.1" content-length:9  address:::1 date_web:[Wed, 14 Jun 2023 04:59:10 GMT]  
method:POST state:200 url:/auth/login response-time: 8.274 ms http-version: HTTP/1.1" content-length:9  address:::1 date_web:[Wed, 14 Jun 2023 05:00:10 GMT]  
method:POST state:200 url:/auth/login response-time: 2.905 ms http-version: HTTP/1.1" content-length:9  address:::1 date_web:[Wed, 14 Jun 2023 05:00:44 GMT]  
method:POST state:400 url:/auth/login response-time: 2.751 ms http-version: HTTP/1.1" content-length:62  address:::1 date_web:[Wed, 14 Jun 2023 05:00:53 GMT]  
method:POST state:200 url:/auth/login response-time: 12.001 ms http-version: HTTP/1.1" content-length:9  address:::1 date_web:[Wed, 14 Jun 2023 05:02:00 GMT]  
method:POST state:200 url:/auth/login response-time: 20.181 ms http-version: HTTP/1.1" content-length:9  address:::1 date_web:[Wed, 14 Jun 2023 05:02:26 GMT]  
method:POST state:200 url:/auth/login response-time: 52.177 ms http-version: HTTP/1.1" content-length:9  address:::1 date_web:[Wed, 14 Jun 2023 05:02:35 GMT]  
method:GET state:401 url:/auth/logout response-time: 63.737 ms http-version: HTTP/1.1" content-length:86  address:::1 date_web:[Wed, 14 Jun 2023 05:02:45 GMT]  
method:POST state:200 url:/auth/login response-time: 53.410 ms http-version: HTTP/1.1" content-length:9  address:::1 date_web:[Wed, 14 Jun 2023 05:03:14 GMT]  
method:POST state:200 url:/auth/login response-time: 30.222 ms http-version: HTTP/1.1" content-length:9  address:::1 date_web:[Wed, 14 Jun 2023 05:03:34 GMT]  
method:POST state:200 url:/auth/login response-time: 10.192 ms http-version: HTTP/1.1" content-length:9  address:::1 date_web:[Wed, 14 Jun 2023 05:03:59 GMT]  
method:POST state:200 url:/auth/login response-time: 11.053 ms http-version: HTTP/1.1" content-length:9  address:::1 date_web:[Wed, 14 Jun 2023 05:04:57 GMT]  
method:POST state:200 url:/auth/login response-time: 1.789 ms http-version: HTTP/1.1" content-length:9  address:::1 date_web:[Wed, 14 Jun 2023 05:05:01 GMT]  
method:POST state:200 url:/auth/login response-time: 7.682 ms http-version: HTTP/1.1" content-length:9  address:::1 date_web:[Wed, 14 Jun 2023 05:07:01 GMT]  
method:POST state:404 url:/auth/login response-time: 55.368 ms http-version: HTTP/1.1" content-length:150  address:::1 date_web:[Wed, 14 Jun 2023 05:07:17 GMT]  
method:POST state:404 url:/auth/login response-time: 59.146 ms http-version: HTTP/1.1" content-length:150  address:::1 date_web:[Wed, 14 Jun 2023 05:07:40 GMT]  
method:POST state:404 url:/auth/login response-time: 41.336 ms http-version: HTTP/1.1" content-length:150  address:::1 date_web:[Wed, 14 Jun 2023 05:08:40 GMT]  
method:POST state:404 url:/auth/login response-time: 42.630 ms http-version: HTTP/1.1" content-length:150  address:::1 date_web:[Wed, 14 Jun 2023 05:09:07 GMT]  
method:POST state:404 url:/auth/login response-time: 66.835 ms http-version: HTTP/1.1" content-length:150  address:::1 date_web:[Wed, 14 Jun 2023 05:09:16 GMT]  
method:POST state:404 url:/auth/login response-time: 221.582 ms http-version: HTTP/1.1" content-length:150  address:::1 date_web:[Wed, 14 Jun 2023 05:11:16 GMT]  
method:POST state:404 url:/auth/login response-time: 50.924 ms http-version: HTTP/1.1" content-length:150  address:::1 date_web:[Wed, 14 Jun 2023 05:11:39 GMT]  
method:POST state:404 url:/auth/login response-time: 152.452 ms http-version: HTTP/1.1" content-length:150  address:::1 date_web:[Wed, 14 Jun 2023 05:12:11 GMT]  
method:POST state:404 url:/auth/login response-time: 40.596 ms http-version: HTTP/1.1" content-length:150  address:::1 date_web:[Wed, 14 Jun 2023 05:12:33 GMT]  
method:POST state:404 url:/auth/login response-time: 47.298 ms http-version: HTTP/1.1" content-length:150  address:::1 date_web:[Wed, 14 Jun 2023 05:13:14 GMT]  
method:POST state:404 url:/auth/login response-time: 46.488 ms http-version: HTTP/1.1" content-length:150  address:::1 date_web:[Wed, 14 Jun 2023 05:14:29 GMT]  
method:POST state:404 url:/auth/login response-time: 41.227 ms http-version: HTTP/1.1" content-length:150  address:::1 date_web:[Wed, 14 Jun 2023 05:15:56 GMT]  
method:POST state:404 url:/auth/login response-time: 64.351 ms http-version: HTTP/1.1" content-length:150  address:::1 date_web:[Wed, 14 Jun 2023 05:16:08 GMT]  
method:POST state:400 url:/auth/login response-time: 86.374 ms http-version: HTTP/1.1" content-length:49  address:::1 date_web:[Wed, 14 Jun 2023 05:16:34 GMT]  
method:POST state:400 url:/auth/login response-time: 148.082 ms http-version: HTTP/1.1" content-length:49  address:::1 date_web:[Wed, 14 Jun 2023 05:17:45 GMT]  
method:POST state:404 url:/auth/login response-time: 168.857 ms http-version: HTTP/1.1" content-length:150  address:::1 date_web:[Wed, 14 Jun 2023 05:18:13 GMT]  
method:POST state:404 url:/auth/login response-time: 44.798 ms http-version: HTTP/1.1" content-length:150  address:::1 date_web:[Wed, 14 Jun 2023 05:18:32 GMT]  
method:POST state:404 url:/auth/login response-time: 220.948 ms http-version: HTTP/1.1" content-length:150  address:::1 date_web:[Wed, 14 Jun 2023 05:18:44 GMT]  
method:POST state:404 url:/auth/login response-time: 45.877 ms http-version: HTTP/1.1" content-length:150  address:::1 date_web:[Wed, 14 Jun 2023 05:18:59 GMT]  
method:POST state:400 url:/auth/login response-time: 88.575 ms http-version: HTTP/1.1" content-length:49  address:::1 date_web:[Wed, 14 Jun 2023 05:19:11 GMT]  
method:POST state:400 url:/auth/login response-time: 87.641 ms http-version: HTTP/1.1" content-length:49  address:::1 date_web:[Wed, 14 Jun 2023 05:25:04 GMT]  
method:POST state:400 url:/auth/login response-time: 82.612 ms http-version: HTTP/1.1" content-length:49  address:::1 date_web:[Wed, 14 Jun 2023 05:25:15 GMT]  
method:POST state:400 url:/auth/login response-time: 4.063 ms http-version: HTTP/1.1" content-length:62  address:::1 date_web:[Wed, 14 Jun 2023 05:26:19 GMT]  
method:POST state:400 url:/auth/login response-time: 279.479 ms http-version: HTTP/1.1" content-length:90  address:::1 date_web:[Wed, 14 Jun 2023 14:16:31 GMT]  
method:POST state:400 url:/auth/login response-time: 285.454 ms http-version: HTTP/1.1" content-length:49  address:::1 date_web:[Wed, 14 Jun 2023 14:18:13 GMT]  
method:POST state:400 url:/auth/login response-time: 18.963 ms http-version: HTTP/1.1" content-length:62  address:::1 date_web:[Wed, 14 Jun 2023 14:19:10 GMT]  
method:POST state:400 url:/auth/login response-time: - ms http-version: HTTP/1.1" content-length:76  address:::1 date_web:[Wed, 14 Jun 2023 14:19:38 GMT]  
method:POST state:400 url:/auth/login response-time: 91.465 ms http-version: HTTP/1.1" content-length:49  address:::1 date_web:[Wed, 14 Jun 2023 14:20:57 GMT]  
method:POST state:400 url:/auth/login response-time: 113.159 ms http-version: HTTP/1.1" content-length:49  address:::1 date_web:[Wed, 14 Jun 2023 14:21:12 GMT]  
method:POST state:400 url:/auth/login response-time: 7.200 ms http-version: HTTP/1.1" content-length:62  address:::1 date_web:[Wed, 14 Jun 2023 14:23:03 GMT]  
method:POST state:400 url:/auth/login response-time: 1.105 ms http-version: HTTP/1.1" content-length:62  address:::1 date_web:[Wed, 14 Jun 2023 14:23:12 GMT]  
method:POST state:400 url:/auth/login response-time: 0.600 ms http-version: HTTP/1.1" content-length:62  address:::1 date_web:[Wed, 14 Jun 2023 14:23:19 GMT]  
method:POST state:400 url:/auth/login response-time: 121.634 ms http-version: HTTP/1.1" content-length:49  address:::1 date_web:[Wed, 14 Jun 2023 14:24:07 GMT]  
method:POST state:200 url:/auth/signup-doctor response-time: 577.706 ms http-version: HTTP/1.1" content-length:339  address:::1 date_web:[Wed, 14 Jun 2023 14:24:24 GMT]  
method:PUT state:400 url:/doctor/update response-time: 18.422 ms http-version: HTTP/1.1" content-length:60  address:::1 date_web:[Wed, 14 Jun 2023 14:29:17 GMT]  
method:PUT state:400 url:/doctor/update response-time: 7.211 ms http-version: HTTP/1.1" content-length:770  address:::1 date_web:[Wed, 14 Jun 2023 14:29:36 GMT]  
method:PUT state:200 url:/doctor/update response-time: 60.166 ms http-version: HTTP/1.1" content-length:66  address:::1 date_web:[Wed, 14 Jun 2023 14:29:43 GMT]  
method:PUT state:200 url:/doctor/update response-time: 25.223 ms http-version: HTTP/1.1" content-length:133  address:::1 date_web:[Wed, 14 Jun 2023 14:30:04 GMT]  
method:PUT state:404 url:/doctor/update response-time: 44.345 ms http-version: HTTP/1.1" content-length:152  address:::1 date_web:[Wed, 14 Jun 2023 14:30:45 GMT]  
method:PUT state:200 url:/doctor/update response-time: 218.460 ms http-version: HTTP/1.1" content-length:133  address:::1 date_web:[Wed, 14 Jun 2023 14:33:20 GMT]  
method:PUT state:200 url:/doctor/update response-time: 127.024 ms http-version: HTTP/1.1" content-length:133  address:::1 date_web:[Wed, 14 Jun 2023 14:34:14 GMT]  
method:PUT state:404 url:/doctor/update response-time: 49.047 ms http-version: HTTP/1.1" content-length:152  address:::1 date_web:[Wed, 14 Jun 2023 14:34:34 GMT]  
method:PUT state:200 url:/doctor/update response-time: 267.358 ms http-version: HTTP/1.1" content-length:133  address:::1 date_web:[Wed, 14 Jun 2023 14:34:44 GMT]  
method:PUT state:200 url:/doctor/update response-time: 48.809 ms http-version: HTTP/1.1" content-length:133  address:::1 date_web:[Wed, 14 Jun 2023 14:35:06 GMT]  
method:POST state:400 url:/auth/login response-time: 3.728 ms http-version: HTTP/1.1" content-length:62  address:::1 date_web:[Wed, 14 Jun 2023 14:35:14 GMT]  
method:POST state:400 url:/auth/login response-time: 93.422 ms http-version: HTTP/1.1" content-length:49  address:::1 date_web:[Wed, 14 Jun 2023 14:36:49 GMT]  
method:POST state:400 url:/auth/login response-time: 118.326 ms http-version: HTTP/1.1" content-length:49  address:::1 date_web:[Wed, 14 Jun 2023 14:37:32 GMT]  
method:POST state:400 url:/auth/login response-time: 5.640 ms http-version: HTTP/1.1" content-length:62  address:::1 date_web:[Wed, 14 Jun 2023 14:37:50 GMT]  
method:POST state:400 url:/auth/login response-time: 11.759 ms http-version: HTTP/1.1" content-length:62  address:::1 date_web:[Wed, 14 Jun 2023 14:38:23 GMT]  
method:POST state:400 url:/auth/login response-time: 7.841 ms http-version: HTTP/1.1" content-length:62  address:::1 date_web:[Wed, 14 Jun 2023 14:39:30 GMT]  
method:POST state:400 url:/auth/login response-time: 18.942 ms http-version: HTTP/1.1" content-length:62  address:::1 date_web:[Wed, 14 Jun 2023 14:40:42 GMT]  
method:POST state:400 url:/auth/login response-time: - ms http-version: HTTP/1.1" content-length:86  address:::1 date_web:[Wed, 14 Jun 2023 14:41:01 GMT]  
method:POST state:400 url:/auth/login response-time: 121.707 ms http-version: HTTP/1.1" content-length:49  address:::1 date_web:[Wed, 14 Jun 2023 14:41:58 GMT]  
method:POST state:400 url:/auth/login response-time: 611.314 ms http-version: HTTP/1.1" content-length:11  address:::1 date_web:[Wed, 14 Jun 2023 14:42:07 GMT]  
method:POST state:200 url:/auth/login response-time: 593.060 ms http-version: HTTP/1.1" content-length:326  address:::1 date_web:[Wed, 14 Jun 2023 14:42:27 GMT]  
method:POST state:200 url:/auth/login response-time: 660.509 ms http-version: HTTP/1.1" content-length:326  address:::1 date_web:[Wed, 14 Jun 2023 14:43:18 GMT]  
method:POST state:200 url:/auth/login response-time: 578.180 ms http-version: HTTP/1.1" content-length:326  address:::1 date_web:[Wed, 14 Jun 2023 14:43:36 GMT]  
method:POST state:200 url:/auth/login response-time: 529.894 ms http-version: HTTP/1.1" content-length:326  address:::1 date_web:[Wed, 14 Jun 2023 14:45:01 GMT]  
method:POST state:200 url:/auth/login response-time: 533.666 ms http-version: HTTP/1.1" content-length:326  address:::1 date_web:[Wed, 14 Jun 2023 14:45:17 GMT]  
method:POST state:200 url:/auth/login response-time: 435.338 ms http-version: HTTP/1.1" content-length:326  address:::1 date_web:[Wed, 14 Jun 2023 14:45:22 GMT]  
method:POST state:200 url:/auth/login response-time: 480.563 ms http-version: HTTP/1.1" content-length:326  address:::1 date_web:[Wed, 14 Jun 2023 14:45:26 GMT]  
method:POST state:200 url:/auth/login response-time: 606.512 ms http-version: HTTP/1.1" content-length:326  address:::1 date_web:[Wed, 14 Jun 2023 14:48:03 GMT]  
method:POST state:200 url:/auth/login response-time: 619.281 ms http-version: HTTP/1.1" content-length:326  address:::1 date_web:[Wed, 14 Jun 2023 14:49:12 GMT]  
method:PUT state:200 url:/doctor/update response-time: 131.763 ms http-version: HTTP/1.1" content-length:133  address:::1 date_web:[Wed, 14 Jun 2023 14:54:49 GMT]  
method:POST state:200 url:/auth/login response-time: 473.022 ms http-version: HTTP/1.1" content-length:326  address:::1 date_web:[Wed, 14 Jun 2023 14:55:00 GMT]  
method:POST state:200 url:/auth/login response-time: 576.829 ms http-version: HTTP/1.1" content-length:326  address:::1 date_web:[Wed, 14 Jun 2023 14:55:53 GMT]  
method:POST state:200 url:/auth/login response-time: 442.521 ms http-version: HTTP/1.1" content-length:326  address:::1 date_web:[Wed, 14 Jun 2023 14:56:07 GMT]  
method:PUT state:200 url:/doctor/update response-time: 39.996 ms http-version: HTTP/1.1" content-length:133  address:::1 date_web:[Wed, 14 Jun 2023 14:56:12 GMT]  
method:PUT state:400 url:/doctor/update response-time: 116.291 ms http-version: HTTP/1.1" content-length:46  address:::1 date_web:[Wed, 14 Jun 2023 14:56:20 GMT]  
method:PUT state:400 url:/doctor/update response-time: 10.875 ms http-version: HTTP/1.1" content-length:59  address:::1 date_web:[Wed, 14 Jun 2023 14:56:29 GMT]  
method:PUT state:400 url:/doctor/update response-time: 93.204 ms http-version: HTTP/1.1" content-length:59  address:::1 date_web:[Wed, 14 Jun 2023 15:01:51 GMT]  
method:POST state:200 url:/auth/login response-time: 463.856 ms http-version: HTTP/1.1" content-length:326  address:::1 date_web:[Wed, 14 Jun 2023 15:01:55 GMT]  
method:POST state:200 url:/auth/login response-time: 643.615 ms http-version: HTTP/1.1" content-length:326  address:::1 date_web:[Wed, 14 Jun 2023 15:02:09 GMT]  
method:POST state:404 url:/auth/signup-doctor response-time: 4.384 ms http-version: HTTP/1.1" content-length:158  address:::1 date_web:[Thu, 15 Jun 2023 05:36:01 GMT]  
method:POST state:404 url:/auth/signup-doctor response-time: 10.860 ms http-version: HTTP/1.1" content-length:158  address:::1 date_web:[Thu, 15 Jun 2023 06:08:47 GMT]  
method:POST state:404 url:/auth/signup-doctor response-time: 8.130 ms http-version: HTTP/1.1" content-length:158  address:::1 date_web:[Thu, 15 Jun 2023 06:09:13 GMT]  
method:POST state:404 url:/auth/login response-time: 1.225 ms http-version: HTTP/1.1" content-length:150  address:::1 date_web:[Thu, 15 Jun 2023 06:09:33 GMT]  
method:POST state:404 url:/auth/login response-time: 0.543 ms http-version: HTTP/1.1" content-length:150  address:::1 date_web:[Thu, 15 Jun 2023 06:09:37 GMT]  
method:POST state:200 url:/auth/login response-time: 1715.189 ms http-version: HTTP/1.1" content-length:325  address:::1 date_web:[Thu, 15 Jun 2023 06:12:48 GMT]  
method:POST state:200 url:/auth/login response-time: 1194.119 ms http-version: HTTP/1.1" content-length:325  address:::1 date_web:[Thu, 15 Jun 2023 08:26:55 GMT]  
method:POST state:404 url:/auth/signup-doctor response-time: 3.751 ms http-version: HTTP/1.1" content-length:158  address:::1 date_web:[Thu, 15 Jun 2023 08:26:58 GMT]  
method:POST state:200 url:/auth/signup-doctor response-time: 802.008 ms http-version: HTTP/1.1" content-length:339  address:::1 date_web:[Thu, 15 Jun 2023 08:27:12 GMT]  
method:POST state:400 url:/auth/signup-patient response-time: 6.314 ms http-version: HTTP/1.1" content-length:78  address:::1 date_web:[Thu, 15 Jun 2023 08:27:15 GMT]  
method:POST state:200 url:/auth/signup-patient response-time: 666.706 ms http-version: HTTP/1.1" content-length:346  address:::1 date_web:[Thu, 15 Jun 2023 08:27:24 GMT]  
method:GET state:400 url:/patient/profile response-time: 105.543 ms http-version: HTTP/1.1" content-length:66  address:::1 date_web:[Thu, 15 Jun 2023 08:34:53 GMT]  
method:GET state:400 url:/patient/profile response-time: 79.159 ms http-version: HTTP/1.1" content-length:66  address:::1 date_web:[Thu, 15 Jun 2023 08:35:45 GMT]  
method:POST state:400 url:/auth/signup-patient response-time: 9.545 ms http-version: HTTP/1.1" content-length:51  address:::1 date_web:[Thu, 15 Jun 2023 08:35:47 GMT]  
method:POST state:200 url:/auth/login response-time: 698.856 ms http-version: HTTP/1.1" content-length:339  address:::1 date_web:[Thu, 15 Jun 2023 08:35:54 GMT]  
method:GET state:400 url:/patient/profile response-time: 7.642 ms http-version: HTTP/1.1" content-length:66  address:::1 date_web:[Thu, 15 Jun 2023 08:35:57 GMT]  
method:GET state:400 url:/patient/profile response-time: 294.814 ms http-version: HTTP/1.1" content-length:66  address:::1 date_web:[Thu, 15 Jun 2023 08:36:20 GMT]  
method:GET state:400 url:/patient/profile response-time: 90.269 ms http-version: HTTP/1.1" content-length:66  address:::1 date_web:[Thu, 15 Jun 2023 08:36:33 GMT]  
method:GET state:400 url:/patient/profile response-time: 203.506 ms http-version: HTTP/1.1" content-length:66  address:::1 date_web:[Thu, 15 Jun 2023 08:37:02 GMT]  
method:POST state:200 url:/auth/signup-patient response-time: 767.372 ms http-version: HTTP/1.1" content-length:346  address:::1 date_web:[Thu, 15 Jun 2023 08:37:58 GMT]  
method:GET state:400 url:/patient/profile response-time: 13.526 ms http-version: HTTP/1.1" content-length:66  address:::1 date_web:[Thu, 15 Jun 2023 08:38:00 GMT]  
method:GET state:400 url:/patient/profile response-time: 169.501 ms http-version: HTTP/1.1" content-length:66  address:::1 date_web:[Thu, 15 Jun 2023 08:38:28 GMT]  
method:GET state:400 url:/patient/profile response-time: 344.999 ms http-version: HTTP/1.1" content-length:66  address:::1 date_web:[Thu, 15 Jun 2023 08:38:34 GMT]  
method:POST state:400 url:/auth/signup-patient response-time: 772.430 ms http-version: HTTP/1.1" content-length:77  address:::1 date_web:[Thu, 15 Jun 2023 08:39:23 GMT]  
method:POST state:400 url:/auth/signup-patient response-time: 89.639 ms http-version: HTTP/1.1" content-length:51  address:::1 date_web:[Thu, 15 Jun 2023 08:40:10 GMT]  
method:POST state:200 url:/auth/signup-patient response-time: 823.361 ms http-version: HTTP/1.1" content-length:346  address:::1 date_web:[Thu, 15 Jun 2023 08:40:27 GMT]  
method:GET state:400 url:/patient/profile response-time: 7.757 ms http-version: HTTP/1.1" content-length:66  address:::1 date_web:[Thu, 15 Jun 2023 08:40:29 GMT]  
method:GET state:400 url:/patient/profile response-time: 134.611 ms http-version: HTTP/1.1" content-length:66  address:::1 date_web:[Thu, 15 Jun 2023 08:41:11 GMT]  
method:GET state:400 url:/patient/profile response-time: 105.193 ms http-version: HTTP/1.1" content-length:69  address:::1 date_web:[Thu, 15 Jun 2023 08:41:45 GMT]  
method:GET state:400 url:/patient/profile response-time: 271.030 ms http-version: HTTP/1.1" content-length:69  address:::1 date_web:[Thu, 15 Jun 2023 08:42:05 GMT]  
method:GET state:400 url:/patient/profile response-time: 102.702 ms http-version: HTTP/1.1" content-length:69  address:::1 date_web:[Thu, 15 Jun 2023 08:42:19 GMT]  
method:GET state:400 url:/patient/profile response-time: 109.585 ms http-version: HTTP/1.1" content-length:69  address:::1 date_web:[Thu, 15 Jun 2023 08:43:40 GMT]  
method:GET state:400 url:/patient/profile response-time: 91.857 ms http-version: HTTP/1.1" content-length:69  address:::1 date_web:[Thu, 15 Jun 2023 08:45:09 GMT]  
method:GET state:400 url:/patient/profile response-time: 116.968 ms http-version: HTTP/1.1" content-length:68  address:::1 date_web:[Thu, 15 Jun 2023 08:45:26 GMT]  
method:GET state:400 url:/patient/profile response-time: 88.282 ms http-version: HTTP/1.1" content-length:69  address:::1 date_web:[Thu, 15 Jun 2023 08:45:47 GMT]  
method:GET state:400 url:/patient/profile response-time: 292.909 ms http-version: HTTP/1.1" content-length:68  address:::1 date_web:[Thu, 15 Jun 2023 08:46:28 GMT]  
method:POST state:200 url:/auth/signup-doctor response-time: 762.369 ms http-version: HTTP/1.1" content-length:340  address:::1 date_web:[Thu, 15 Jun 2023 08:48:18 GMT]  
method:POST state:400 url:/auth/signup-doctor response-time: 104.486 ms http-version: HTTP/1.1" content-length:51  address:::1 date_web:[Thu, 15 Jun 2023 08:48:28 GMT]  
method:GET state:400 url:/doctor/profile response-time: 9.206 ms http-version: HTTP/1.1" content-length:66  address:::1 date_web:[Thu, 15 Jun 2023 08:48:34 GMT]  
method:GET state:401 url:/patient/profile response-time: 4.943 ms http-version: HTTP/1.1" content-length:64  address:::1 date_web:[Thu, 15 Jun 2023 08:48:36 GMT]  
method:POST state:200 url:/auth/signup-patient response-time: 729.398 ms http-version: HTTP/1.1" content-length:346  address:::1 date_web:[Thu, 15 Jun 2023 08:48:53 GMT]  
method:GET state:400 url:/patient/profile response-time: 16.194 ms http-version: HTTP/1.1" content-length:69  address:::1 date_web:[Thu, 15 Jun 2023 08:48:55 GMT]  
method:GET state:400 url:/patient/profile response-time: 93.376 ms http-version: HTTP/1.1" content-length:68  address:::1 date_web:[Thu, 15 Jun 2023 08:49:10 GMT]  
method:GET state:400 url:/patient/profile response-time: 84.076 ms http-version: HTTP/1.1" content-length:69  address:::1 date_web:[Thu, 15 Jun 2023 08:49:37 GMT]  
method:POST state:200 url:/auth/signup-patient response-time: 587.040 ms http-version: HTTP/1.1" content-length:346  address:::1 date_web:[Thu, 15 Jun 2023 08:54:12 GMT]  
method:GET state:400 url:/patient/profile response-time: 21.783 ms http-version: HTTP/1.1" content-length:69  address:::1 date_web:[Thu, 15 Jun 2023 08:54:15 GMT]  
method:POST state:200 url:/auth/signup-doctor response-time: 615.111 ms http-version: HTTP/1.1" content-length:339  address:::1 date_web:[Thu, 15 Jun 2023 08:56:20 GMT]  
method:GET state:401 url:/patient/profile response-time: 33.970 ms http-version: HTTP/1.1" content-length:64  address:::1 date_web:[Thu, 15 Jun 2023 08:56:32 GMT]  
method:GET state:400 url:/doctor/profile response-time: 16.555 ms http-version: HTTP/1.1" content-length:77  address:::1 date_web:[Thu, 15 Jun 2023 08:56:38 GMT]  
method:GET state:200 url:/doctor/profile response-time: 79.481 ms http-version: HTTP/1.1" content-length:213  address:::1 date_web:[Thu, 15 Jun 2023 08:57:05 GMT]  
method:POST state:200 url:/auth/signup-patient response-time: 717.665 ms http-version: HTTP/1.1" content-length:346  address:::1 date_web:[Thu, 15 Jun 2023 08:57:10 GMT]  
method:GET state:200 url:/patient/profile response-time: 42.043 ms http-version: HTTP/1.1" content-length:325  address:::1 date_web:[Thu, 15 Jun 2023 08:57:12 GMT]  
method:GET state:404 url:/image/upload response-time: 10.583 ms http-version: HTTP/1.1" content-length:151  address:::1 date_web:[Thu, 15 Jun 2023 12:19:38 GMT]  
method:POST state:400 url:/image/upload response-time: 37.963 ms http-version: HTTP/1.1" content-length:50  address:::1 date_web:[Thu, 15 Jun 2023 12:19:42 GMT]  
method:POST state:400 url:/image/upload response-time: 35.972 ms http-version: HTTP/1.1" content-length:50  address:::1 date_web:[Thu, 15 Jun 2023 12:21:23 GMT]  
method:POST state:400 url:/image/upload response-time: 124.910 ms http-version: HTTP/1.1" content-length:50  address:::1 date_web:[Thu, 15 Jun 2023 12:21:44 GMT]  
method:POST state:400 url:/image/upload response-time: 182.841 ms http-version: HTTP/1.1" content-length:50  address:::1 date_web:[Thu, 15 Jun 2023 12:22:27 GMT]  
method:POST state:400 url:/image/upload response-time: 41.549 ms http-version: HTTP/1.1" content-length:50  address:::1 date_web:[Thu, 15 Jun 2023 12:22:36 GMT]  
method:POST state:200 url:/image/upload response-time: 34.801 ms http-version: HTTP/1.1" content-length:16  address:::1 date_web:[Thu, 15 Jun 2023 12:23:08 GMT]  
method:POST state:200 url:/image/upload response-time: 41.737 ms http-version: HTTP/1.1" content-length:16  address:::1 date_web:[Thu, 15 Jun 2023 12:24:19 GMT]  
method:POST state:200 url:/image/upload response-time: 48.240 ms http-version: HTTP/1.1" content-length:16  address:::1 date_web:[Thu, 15 Jun 2023 12:40:49 GMT]  
method:POST state:200 url:/image/upload response-time: 36.273 ms http-version: HTTP/1.1" content-length:16  address:::1 date_web:[Thu, 15 Jun 2023 12:41:21 GMT]  
method:POST state:400 url:/image/upload response-time: 45.081 ms http-version: HTTP/1.1" content-length:72  address:::1 date_web:[Thu, 15 Jun 2023 12:42:02 GMT]  
method:POST state:400 url:/image/upload response-time: 49.271 ms http-version: HTTP/1.1" content-length:46  address:::1 date_web:[Thu, 15 Jun 2023 12:42:20 GMT]  
method:POST state:400 url:/image/upload response-time: 48.322 ms http-version: HTTP/1.1" content-length:46  address:::1 date_web:[Thu, 15 Jun 2023 12:43:08 GMT]  
method:POST state:400 url:/image/upload response-time: 38.836 ms http-version: HTTP/1.1" content-length:46  address:::1 date_web:[Thu, 15 Jun 2023 12:44:01 GMT]  
method:POST state:400 url:/image/upload response-time: 40.311 ms http-version: HTTP/1.1" content-length:50  address:::1 date_web:[Thu, 15 Jun 2023 12:45:43 GMT]  
method:POST state:400 url:/image/upload response-time: 47.252 ms http-version: HTTP/1.1" content-length:52  address:::1 date_web:[Thu, 15 Jun 2023 12:45:52 GMT]  
method:POST state:200 url:/image/upload response-time: 36.646 ms http-version: HTTP/1.1" content-length:16  address:::1 date_web:[Thu, 15 Jun 2023 12:46:00 GMT]  
method:POST state:200 url:/image/upload response-time: 67.798 ms http-version: HTTP/1.1" content-length:16  address:::1 date_web:[Thu, 15 Jun 2023 12:46:28 GMT]  
method:POST state:200 url:/image/upload response-time: 22.503 ms http-version: HTTP/1.1" content-length:16  address:::1 date_web:[Thu, 15 Jun 2023 12:46:50 GMT]  
method:POST state:200 url:/image/upload response-time: 38.151 ms http-version: HTTP/1.1" content-length:16  address:::1 date_web:[Thu, 15 Jun 2023 12:47:23 GMT]  
method:PUT state:404 url:/doctor/update response-time: 64.704 ms http-version: HTTP/1.1" content-length:152  address:::1 date_web:[Thu, 15 Jun 2023 12:51:34 GMT]  
method:POST state:200 url:/image/upload response-time: 33.178 ms http-version: HTTP/1.1" content-length:16  address:::1 date_web:[Thu, 15 Jun 2023 13:02:14 GMT]  
method:POST state:200 url:/image/upload response-time: 24.538 ms http-version: HTTP/1.1" content-length:16  address:::1 date_web:[Thu, 15 Jun 2023 13:02:23 GMT]  
method:POST state:200 url:/image/upload response-time: 34.159 ms http-version: HTTP/1.1" content-length:16  address:::1 date_web:[Thu, 15 Jun 2023 13:02:48 GMT]  
method:POST state:200 url:/image/upload response-time: 32.758 ms http-version: HTTP/1.1" content-length:139  address:::1 date_web:[Thu, 15 Jun 2023 13:05:08 GMT]  
method:POST state:200 url:/image/upload response-time: 42.111 ms http-version: HTTP/1.1" content-length:28  address:::1 date_web:[Thu, 15 Jun 2023 13:07:05 GMT]  
method:POST state:200 url:/image/upload response-time: 37.063 ms http-version: HTTP/1.1" content-length:139  address:::1 date_web:[Thu, 15 Jun 2023 13:07:18 GMT]  
method:POST state:200 url:/image/upload response-time: 49.065 ms http-version: HTTP/1.1" content-length:139  address:::1 date_web:[Thu, 15 Jun 2023 13:52:02 GMT]  
method:POST state:200 url:/image/upload response-time: 63.507 ms http-version: HTTP/1.1" content-length:526  address:::1 date_web:[Thu, 15 Jun 2023 13:56:30 GMT]  
method:POST state:200 url:/image/upload response-time: 127.765 ms http-version: HTTP/1.1" content-length:176  address:::1 date_web:[Thu, 15 Jun 2023 13:57:22 GMT]  
method:POST state:200 url:/image/upload response-time: 71.202 ms http-version: HTTP/1.1" content-length:327  address:::1 date_web:[Thu, 15 Jun 2023 13:57:52 GMT]  
method:POST state:200 url:/image/upload response-time: 59.579 ms http-version: HTTP/1.1" content-length:478  address:::1 date_web:[Thu, 15 Jun 2023 13:58:09 GMT]  
method:POST state:200 url:/image/upload response-time: 135.903 ms http-version: HTTP/1.1" content-length:629  address:::1 date_web:[Thu, 15 Jun 2023 13:58:14 GMT]  
method:POST state:200 url:/image/upload response-time: 95.471 ms http-version: HTTP/1.1" content-length:780  address:::1 date_web:[Thu, 15 Jun 2023 13:58:30 GMT]  
method:POST state:200 url:/image/upload response-time: 96.873 ms http-version: HTTP/1.1" content-length:931  address:::1 date_web:[Thu, 15 Jun 2023 13:58:53 GMT]  
method:POST state:200 url:/image/upload response-time: 70.827 ms http-version: HTTP/1.1" content-length:1082  address:::1 date_web:[Thu, 15 Jun 2023 13:59:02 GMT]  
method:POST state:200 url:/image/upload response-time: 51.366 ms http-version: HTTP/1.1" content-length:1082  address:::1 date_web:[Thu, 15 Jun 2023 13:59:19 GMT]  
method:POST state:200 url:/image/upload response-time: 47.893 ms http-version: HTTP/1.1" content-length:1233  address:::1 date_web:[Thu, 15 Jun 2023 13:59:33 GMT]  
method:POST state:200 url:/image/upload response-time: 88.366 ms http-version: HTTP/1.1" content-length:1233  address:::1 date_web:[Thu, 15 Jun 2023 13:59:51 GMT]  
method:POST state:200 url:/image/upload response-time: 61.097 ms http-version: HTTP/1.1" content-length:1233  address:::1 date_web:[Thu, 15 Jun 2023 14:00:10 GMT]  
method:POST state:200 url:/image/upload response-time: 72.078 ms http-version: HTTP/1.1" content-length:1384  address:::1 date_web:[Thu, 15 Jun 2023 14:00:47 GMT]  
method:POST state:200 url:/image/upload response-time: 72.330 ms http-version: HTTP/1.1" content-length:1535  address:::1 date_web:[Thu, 15 Jun 2023 14:00:57 GMT]  
method:POST state:200 url:/image/upload response-time: 144.559 ms http-version: HTTP/1.1" content-length:1619  address:::1 date_web:[Thu, 15 Jun 2023 14:01:35 GMT]  
method:POST state:200 url:/image/upload response-time: 122.073 ms http-version: HTTP/1.1" content-length:1715  address:::1 date_web:[Thu, 15 Jun 2023 14:01:52 GMT]  
method:POST state:200 url:/image/upload response-time: 52.367 ms http-version: HTTP/1.1" content-length:1834  address:::1 date_web:[Thu, 15 Jun 2023 14:02:29 GMT]  
method:GET state:404 url://6dada331-af50-4d35-b572-6cf86afffa0a.jpg response-time: 13.627 ms http-version: HTTP/1.1" content-length:180  address:::1 date_web:[Thu, 15 Jun 2023 14:02:37 GMT]  
method:POST state:200 url:/image/upload response-time: 102.467 ms http-version: HTTP/1.1" content-length:1959  address:::1 date_web:[Thu, 15 Jun 2023 14:02:58 GMT]  
method:GET state:404 url:/upload/4e69a25d-848b-4e87-8a2d-06c3379d6aff.jpg response-time: 10.282 ms http-version: HTTP/1.1" content-length:186  address:::1 date_web:[Thu, 15 Jun 2023 14:03:06 GMT]  
method:GET state:404 url:/favicon.ico response-time: 2.414 ms http-version: HTTP/1.1" content-length:150  address:::1 date_web:[Thu, 15 Jun 2023 14:03:12 GMT]  
method:POST state:200 url:/image/upload response-time: 122.376 ms http-version: HTTP/1.1" content-length:2084  address:::1 date_web:[Thu, 15 Jun 2023 14:04:10 GMT]  
method:POST state:200 url:/image/upload response-time: 89.698 ms http-version: HTTP/1.1" content-length:2209  address:::1 date_web:[Thu, 15 Jun 2023 14:04:26 GMT]  
method:POST state:200 url:/image/upload response-time: 86.149 ms http-version: HTTP/1.1" content-length:2334  address:::1 date_web:[Thu, 15 Jun 2023 14:05:29 GMT]  
method:POST state:200 url:/image/upload response-time: 58.888 ms http-version: HTTP/1.1" content-length:2834  address:::1 date_web:[Thu, 15 Jun 2023 14:09:39 GMT]  
method:POST state:200 url:/image/upload response-time: 51.151 ms http-version: HTTP/1.1" content-length:2959  address:::1 date_web:[Thu, 15 Jun 2023 14:10:10 GMT]  
method:POST state:200 url:/image/upload response-time: 97.743 ms http-version: HTTP/1.1" content-length:3084  address:::1 date_web:[Thu, 15 Jun 2023 14:10:17 GMT]  
method:POST state:200 url:/image/upload response-time: 77.956 ms http-version: HTTP/1.1" content-length:3209  address:::1 date_web:[Thu, 15 Jun 2023 14:11:27 GMT]  
method:POST state:200 url:/image/upload response-time: 88.300 ms http-version: HTTP/1.1" content-length:3334  address:::1 date_web:[Thu, 15 Jun 2023 14:12:56 GMT]  
method:POST state:200 url:/image/upload response-time: 100.452 ms http-version: HTTP/1.1" content-length:3459  address:::1 date_web:[Thu, 15 Jun 2023 14:14:21 GMT]  
method:POST state:200 url:/image/upload response-time: 55.988 ms http-version: HTTP/1.1" content-length:3584  address:::1 date_web:[Thu, 15 Jun 2023 14:14:59 GMT]  
method:POST state:200 url:/image/upload response-time: 56.734 ms http-version: HTTP/1.1" content-length:150  address:::1 date_web:[Thu, 15 Jun 2023 14:15:32 GMT]  
method:POST state:200 url:/image/upload response-time: 57.546 ms http-version: HTTP/1.1" content-length:275  address:::1 date_web:[Thu, 15 Jun 2023 14:17:12 GMT]  
method:POST state:200 url:/image/upload response-time: 43.927 ms http-version: HTTP/1.1" content-length:400  address:::1 date_web:[Thu, 15 Jun 2023 14:19:36 GMT]  
method:POST state:200 url:/image/upload response-time: 112.457 ms http-version: HTTP/1.1" content-length:525  address:::1 date_web:[Thu, 15 Jun 2023 14:20:02 GMT]  
method:POST state:200 url:/image/upload response-time: 21.539 ms http-version: HTTP/1.1" content-length:150  address:::1 date_web:[Thu, 15 Jun 2023 14:20:14 GMT]  
method:POST state:200 url:/image/upload response-time: 87.633 ms http-version: HTTP/1.1" content-length:275  address:::1 date_web:[Thu, 15 Jun 2023 14:21:46 GMT]  
method:POST state:400 url:/image/upload response-time: 4.402 ms http-version: HTTP/1.1" content-length:155  address:::1 date_web:[Thu, 15 Jun 2023 14:21:50 GMT]  
method:POST state:400 url:/image/upload response-time: 4.862 ms http-version: HTTP/1.1" content-length:61  address:::1 date_web:[Thu, 15 Jun 2023 14:22:00 GMT]  
method:GET state:400 url:/image/all response-time: 15.230 ms http-version: HTTP/1.1" content-length:155  address:::1 date_web:[Thu, 15 Jun 2023 14:24:02 GMT]  
method:GET state:200 url:/image/all response-time: 28.988 ms http-version: HTTP/1.1" content-length:275  address:::1 date_web:[Thu, 15 Jun 2023 14:24:37 GMT]  
method:GET state:200 url:/image/all response-time: 10.763 ms http-version: HTTP/1.1" content-length:275  address:::1 date_web:[Thu, 15 Jun 2023 14:59:36 GMT]  
method:DELETE state:400 url:/image/delete/cabc54c8-660a-444a-8767-f41a08c259bf response-time: 7.042 ms http-version: HTTP/1.1" content-length:155  address:::1 date_web:[Thu, 15 Jun 2023 15:00:06 GMT]  
method:DELETE state:200 url:/image/delete/cabc54c8-660a-444a-8767-f41a08c259bf response-time: 9.814 ms http-version: HTTP/1.1" content-length:64  address:::1 date_web:[Thu, 15 Jun 2023 15:01:16 GMT]  
method:DELETE state:200 url:/image/delete/cabc54c8-660a-444a-8767-f41a08c259bf response-time: 2.174 ms http-version: HTTP/1.1" content-length:64  address:::1 date_web:[Thu, 15 Jun 2023 15:01:22 GMT]  
method:DELETE state:200 url:/image/delete/cabc54c8-660a-444a-8767-f41a08c259bf response-time: 3.852 ms http-version: HTTP/1.1" content-length:64  address:::1 date_web:[Thu, 15 Jun 2023 15:01:23 GMT]  
method:DELETE state:400 url:/image/delete/cabc54c8-660a-444a-8767-f41a08c259bf response-time: 7.900 ms http-version: HTTP/1.1" content-length:67  address:::1 date_web:[Thu, 15 Jun 2023 15:08:01 GMT]  
method:GET state:200 url:/image/all response-time: 1.973 ms http-version: HTTP/1.1" content-length:26  address:::1 date_web:[Thu, 15 Jun 2023 15:09:01 GMT]  
method:POST state:200 url:/image/upload response-time: 946.196 ms http-version: HTTP/1.1" content-length:151  address:::1 date_web:[Thu, 15 Jun 2023 15:09:13 GMT]  
method:GET state:200 url:/image/all response-time: 3.787 ms http-version: HTTP/1.1" content-length:151  address:::1 date_web:[Thu, 15 Jun 2023 15:09:16 GMT]  
method:DELETE state:400 url:/image/delete/cabc54c8-660a-444a-8767-f41a08c259bf response-time: 0.958 ms http-version: HTTP/1.1" content-length:67  address:::1 date_web:[Thu, 15 Jun 2023 15:09:21 GMT]  
method:GET state:200 url:/image/all response-time: 0.875 ms http-version: HTTP/1.1" content-length:151  address:::1 date_web:[Thu, 15 Jun 2023 15:09:26 GMT]  
method:DELETE state:200 url:/image/delete/2c1e9424-e93a-4dda-b435-22672b4bc606 response-time: 29.794 ms http-version: HTTP/1.1" content-length:64  address:::1 date_web:[Thu, 15 Jun 2023 15:09:34 GMT]  
method:GET state:200 url:/image/all response-time: 0.872 ms http-version: HTTP/1.1" content-length:26  address:::1 date_web:[Thu, 15 Jun 2023 15:09:38 GMT]  
method:DELETE state:400 url:/image/delete/2c1e9424-e93a-4dda-b435-22672b4bc606 response-time: 2.742 ms http-version: HTTP/1.1" content-length:67  address:::1 date_web:[Thu, 15 Jun 2023 15:09:45 GMT]  
method:POST state:400 url:/txt/upload response-time: 7.557 ms http-version: HTTP/1.1" content-length:155  address:::1 date_web:[Thu, 15 Jun 2023 15:40:47 GMT]  
method:POST state:400 url:/txt/upload response-time: 6.808 ms http-version: HTTP/1.1" content-length:155  address:::1 date_web:[Thu, 15 Jun 2023 15:41:14 GMT]  
method:POST state:200 url:/txt/upload response-time: 9.435 ms http-version: HTTP/1.1" content-length:103  address:::1 date_web:[Thu, 15 Jun 2023 15:42:04 GMT]  
method:POST state:200 url:/txt/upload response-time: 2.074 ms http-version: HTTP/1.1" content-length:181  address:::1 date_web:[Thu, 15 Jun 2023 15:42:09 GMT]  
method:GET state:200 url:/txt/all response-time: 2.000 ms http-version: HTTP/1.1" content-length:181  address:::1 date_web:[Thu, 15 Jun 2023 15:42:18 GMT]  
method:DELETE state:200 url:/txt/delete/f4cb4395-005f-467b-a06d-51eb975210a2 response-time: 7.018 ms http-version: HTTP/1.1" content-length:64  address:::1 date_web:[Thu, 15 Jun 2023 15:42:23 GMT]  
method:GET state:200 url:/txt/all response-time: 3.458 ms http-version: HTTP/1.1" content-length:103  address:::1 date_web:[Thu, 15 Jun 2023 15:42:27 GMT]  
method:POST state:200 url:/txt/upload response-time: 1.200 ms http-version: HTTP/1.1" content-length:181  address:::1 date_web:[Thu, 15 Jun 2023 15:42:37 GMT]  
method:GET state:200 url:/txt/all response-time: 1.177 ms http-version: HTTP/1.1" content-length:181  address:::1 date_web:[Thu, 15 Jun 2023 15:42:43 GMT]  
method:GET state:200 url:/txt/all response-time: 11.221 ms http-version: HTTP/1.1" content-length:181  address:::1 date_web:[Thu, 15 Jun 2023 15:43:15 GMT]  
method:GET state:200 url:/txt/all response-time: 2.734 ms http-version: HTTP/1.1" content-length:181  address:::1 date_web:[Thu, 15 Jun 2023 15:43:22 GMT]  
method:POST state:200 url:/txt/upload response-time: 2.010 ms http-version: HTTP/1.1" content-length:259  address:::1 date_web:[Thu, 15 Jun 2023 15:43:24 GMT]  
method:GET state:200 url:/txt/all response-time: 1.345 ms http-version: HTTP/1.1" content-length:259  address:::1 date_web:[Thu, 15 Jun 2023 15:43:26 GMT]  
method:GET state:200 url:/txt/all response-time: 9.266 ms http-version: HTTP/1.1" content-length:26  address:::1 date_web:[Thu, 15 Jun 2023 15:44:30 GMT]  
method:POST state:200 url:/txt/upload response-time: 2.176 ms http-version: HTTP/1.1" content-length:103  address:::1 date_web:[Thu, 15 Jun 2023 15:44:32 GMT]  
method:GET state:200 url:/txt/all response-time: 1.716 ms http-version: HTTP/1.1" content-length:103  address:::1 date_web:[Thu, 15 Jun 2023 15:44:38 GMT]  
method:DELETE state:400 url:/txt/delete/f4cb4395-005f-467b-a06d-51eb975210a2 response-time: 3.920 ms http-version: HTTP/1.1" content-length:67  address:::1 date_web:[Thu, 15 Jun 2023 15:44:48 GMT]  
method:GET state:200 url:/txt/all response-time: 1.726 ms http-version: HTTP/1.1" content-length:103  address:::1 date_web:[Thu, 15 Jun 2023 15:44:51 GMT]  
method:POST state:200 url:/txt/upload response-time: 1.705 ms http-version: HTTP/1.1" content-length:181  address:::1 date_web:[Thu, 15 Jun 2023 15:44:54 GMT]  
method:GET state:200 url:/txt/all response-time: 1.050 ms http-version: HTTP/1.1" content-length:181  address:::1 date_web:[Thu, 15 Jun 2023 15:44:56 GMT]  
method:GET state:200 url:/txt/all response-time: 1.048 ms http-version: HTTP/1.1" content-length:181  address:::1 date_web:[Thu, 15 Jun 2023 15:45:02 GMT]  
method:POST state:200 url:/txt/upload response-time: 2.681 ms http-version: HTTP/1.1" content-length:259  address:::1 date_web:[Thu, 15 Jun 2023 15:45:07 GMT]  
method:GET state:200 url:/txt/all response-time: 1.262 ms http-version: HTTP/1.1" content-length:259  address:::1 date_web:[Thu, 15 Jun 2023 15:45:14 GMT]  
method:POST state:400 url:/image/upload response-time: 16.951 ms http-version: HTTP/1.1" content-length:158  address:::1 date_web:[Thu, 15 Jun 2023 15:47:13 GMT]  
method:POST state:400 url:/image/upload response-time: 70.068 ms http-version: HTTP/1.1" content-length:155  address:::1 date_web:[Thu, 15 Jun 2023 15:47:31 GMT]  
method:POST state:400 url:/image/upload response-time: 70.681 ms http-version: HTTP/1.1" content-length:155  address:::1 date_web:[Thu, 15 Jun 2023 15:47:42 GMT]  
method:POST state:400 url:/image/upload response-time: 53.165 ms http-version: HTTP/1.1" content-length:155  address:::1 date_web:[Thu, 15 Jun 2023 15:47:51 GMT]  
method:POST state:200 url:/image/upload response-time: 75.538 ms http-version: HTTP/1.1" content-length:151  address:::1 date_web:[Thu, 15 Jun 2023 15:48:42 GMT]  
method:POST state:200 url:/txt/upload response-time: 7.667 ms http-version: HTTP/1.1" content-length:337  address:::1 date_web:[Thu, 15 Jun 2023 15:48:57 GMT]  
method:GET state:200 url:/txt/all response-time: 2.409 ms http-version: HTTP/1.1" content-length:337  address:::1 date_web:[Thu, 15 Jun 2023 15:49:02 GMT]  
method:GET state:200 url:/image/all response-time: 4.021 ms http-version: HTTP/1.1" content-length:26  address:::1 date_web:[Thu, 15 Jun 2023 15:49:22 GMT]  
method:GET state:200 url:/txt/all response-time: 4.054 ms http-version: HTTP/1.1" content-length:26  address:::1 date_web:[Thu, 15 Jun 2023 15:49:24 GMT]  
method:POST state:200 url:/image/upload response-time: 59.481 ms http-version: HTTP/1.1" content-length:151  address:::1 date_web:[Thu, 15 Jun 2023 15:49:26 GMT]  
method:POST state:200 url:/image/upload response-time: 78.242 ms http-version: HTTP/1.1" content-length:277  address:::1 date_web:[Thu, 15 Jun 2023 15:49:43 GMT]  
method:GET state:200 url:/image/all response-time: 10.436 ms http-version: HTTP/1.1" content-length:26  address:::1 date_web:[Thu, 15 Jun 2023 15:52:09 GMT]  
method:GET state:200 url:/txt/all response-time: 1.620 ms http-version: HTTP/1.1" content-length:26  address:::1 date_web:[Thu, 15 Jun 2023 15:52:11 GMT]  
method:POST state:200 url:/txt/upload response-time: 2.242 ms http-version: HTTP/1.1" content-length:103  address:::1 date_web:[Thu, 15 Jun 2023 15:52:13 GMT]  
method:POST state:200 url:/txt/upload response-time: 1.262 ms http-version: HTTP/1.1" content-length:181  address:::1 date_web:[Thu, 15 Jun 2023 15:52:21 GMT]  
method:DELETE state:200 url:/txt/delete/959f190c-5ec5-4195-aad8-0f4ee8e1c693 response-time: 3.498 ms http-version: HTTP/1.1" content-length:64  address:::1 date_web:[Thu, 15 Jun 2023 15:52:34 GMT]  
method:GET state:200 url:/txt/all response-time: 1.002 ms http-version: HTTP/1.1" content-length:103  address:::1 date_web:[Thu, 15 Jun 2023 15:52:38 GMT]  
method:POST state:200 url:/image/upload response-time: 52.122 ms http-version: HTTP/1.1" content-length:151  address:::1 date_web:[Thu, 15 Jun 2023 15:52:59 GMT]  
method:POST state:200 url:/image/upload response-time: 58.848 ms http-version: HTTP/1.1" content-length:276  address:::1 date_web:[Thu, 15 Jun 2023 15:53:15 GMT]  
method:POST state:200 url:/image/upload response-time: 11.651 ms http-version: HTTP/1.1" content-length:401  address:::1 date_web:[Thu, 15 Jun 2023 15:54:10 GMT]  
method:DELETE state:200 url:/image/delete/b460d5bb-b4f0-4bcd-8d2b-b29efff5ed18 response-time: 5.254 ms http-version: HTTP/1.1" content-length:64  address:::1 date_web:[Thu, 15 Jun 2023 15:54:17 GMT]  
method:DELETE state:200 url:/image/delete/9f1cd21e-dda1-4379-aa98-70fa52eb01f8 response-time: 1.984 ms http-version: HTTP/1.1" content-length:64  address:::1 date_web:[Thu, 15 Jun 2023 15:54:34 GMT]  
method:GET state:200 url:/image/all response-time: 10.106 ms http-version: HTTP/1.1" content-length:26  address:::1 date_web:[Thu, 15 Jun 2023 15:55:28 GMT]  
method:POST state:200 url:/image/upload response-time: 17.723 ms http-version: HTTP/1.1" content-length:150  address:::1 date_web:[Thu, 15 Jun 2023 15:55:30 GMT]  
method:POST state:200 url:/image/upload response-time: 11.617 ms http-version: HTTP/1.1" content-length:275  address:::1 date_web:[Thu, 15 Jun 2023 15:55:35 GMT]  
method:GET state:200 url:/image/all response-time: 1.493 ms http-version: HTTP/1.1" content-length:275  address:::1 date_web:[Thu, 15 Jun 2023 15:55:36 GMT]  
method:POST state:400 url:/image/upload response-time: 4.821 ms http-version: HTTP/1.1" content-length:165  address:::1 date_web:[Thu, 15 Jun 2023 15:56:00 GMT]  
method:POST state:200 url:/image/upload response-time: 26.171 ms http-version: HTTP/1.1" content-length:150  address:::1 date_web:[Thu, 15 Jun 2023 15:56:06 GMT]  
method:GET state:200 url:/image/all response-time: 2.285 ms http-version: HTTP/1.1" content-length:150  address:::1 date_web:[Thu, 15 Jun 2023 15:56:16 GMT]  
method:DELETE state:200 url:/image/delete/aa5b43c2-2da7-4e0d-b02b-3d9f652ed4d6 response-time: 3.316 ms http-version: HTTP/1.1" content-length:64  address:::1 date_web:[Thu, 15 Jun 2023 15:56:22 GMT]  
method:GET state:200 url:/image/all response-time: 9.732 ms http-version: HTTP/1.1" content-length:26  address:::1 date_web:[Thu, 15 Jun 2023 15:56:55 GMT]  
method:POST state:200 url:/image/upload response-time: 29.020 ms http-version: HTTP/1.1" content-length:150  address:::1 date_web:[Thu, 15 Jun 2023 15:57:09 GMT]  
method:DELETE state:200 url:/image/delete/c0420253-b31b-47dc-b243-c56d0c34b1d1 response-time: 11.997 ms http-version: HTTP/1.1" content-length:64  address:::1 date_web:[Thu, 15 Jun 2023 15:57:17 GMT]  
method:DELETE state:400 url:/image/delete/c0420253-b31b-47dc-b243-c56d0c34b1d1 response-time: 6.477 ms http-version: HTTP/1.1" content-length:67  address:::1 date_web:[Thu, 15 Jun 2023 15:59:36 GMT]  
method:POST state:200 url:/image/upload response-time: 22.543 ms http-version: HTTP/1.1" content-length:150  address:::1 date_web:[Thu, 15 Jun 2023 15:59:40 GMT]  
method:DELETE state:400 url:/image/delete/c0420253-b31b-47dc-b243-c56d0c34b1d1 response-time: 2.226 ms http-version: HTTP/1.1" content-length:67  address:::1 date_web:[Thu, 15 Jun 2023 15:59:44 GMT]  
method:DELETE state:200 url:/image/delete/f0d0a9ff-426f-4b07-83c9-0d3162d892ae response-time: 17.500 ms http-version: HTTP/1.1" content-length:64  address:::1 date_web:[Thu, 15 Jun 2023 15:59:55 GMT]  
method:DELETE state:400 url:/image/delete/f0d0a9ff-426f-4b07-83c9-0d3162d892ae response-time: 8.754 ms http-version: HTTP/1.1" content-length:67  address:::1 date_web:[Thu, 15 Jun 2023 16:00:11 GMT]  
method:POST state:200 url:/image/upload response-time: 17.786 ms http-version: HTTP/1.1" content-length:150  address:::1 date_web:[Thu, 15 Jun 2023 16:00:14 GMT]  
method:DELETE state:200 url:/image/delete/2f3f1516-e921-4a62-bef8-f109eb8b0b67 response-time: 8.100 ms http-version: HTTP/1.1" content-length:64  address:::1 date_web:[Thu, 15 Jun 2023 16:00:23 GMT]  
method:GET state:200 url:/image/all response-time: 8.688 ms http-version: HTTP/1.1" content-length:26  address:::1 date_web:[Thu, 15 Jun 2023 16:00:57 GMT]  
method:POST state:200 url:/image/upload response-time: 18.290 ms http-version: HTTP/1.1" content-length:150  address:::1 date_web:[Thu, 15 Jun 2023 16:00:59 GMT]  
method:DELETE state:200 url:/image/delete/e2ae6570-a83d-4286-aaef-5fac8d413958 response-time: 8.751 ms http-version: HTTP/1.1" content-length:64  address:::1 date_web:[Thu, 15 Jun 2023 16:01:09 GMT]  
method:POST state:200 url:/image/upload response-time: 27.766 ms http-version: HTTP/1.1" content-length:150  address:::1 date_web:[Thu, 15 Jun 2023 16:04:52 GMT]  
method:DELETE state:400 url:/image/delete/635f4473-41cb-436a-81b0-9faf78418df3 response-time: 12.680 ms http-version: HTTP/1.1" content-length:67  address:::1 date_web:[Thu, 15 Jun 2023 16:05:22 GMT]  
method:POST state:200 url:/image/upload response-time: 20.918 ms http-version: HTTP/1.1" content-length:150  address:::1 date_web:[Thu, 15 Jun 2023 16:05:26 GMT]  
method:DELETE state:200 url:/image/delete/a750d9f7-ea45-4ba3-ad85-8cb2d938b45f response-time: 14.674 ms http-version: HTTP/1.1" content-length:64  address:::1 date_web:[Thu, 15 Jun 2023 16:05:34 GMT]  
method:POST state:400 url:/image/upload response-time: 15.448 ms http-version: HTTP/1.1" content-length:165  address:::1 date_web:[Thu, 15 Jun 2023 16:06:45 GMT]  
method:POST state:200 url:/image/upload response-time: 27.756 ms http-version: HTTP/1.1" content-length:150  address:::1 date_web:[Thu, 15 Jun 2023 16:06:51 GMT]  
method:GET state:200 url:/image/all response-time: 2.088 ms http-version: HTTP/1.1" content-length:150  address:::1 date_web:[Thu, 15 Jun 2023 16:06:59 GMT]  
method:POST state:200 url:/image/upload response-time: 31.588 ms http-version: HTTP/1.1" content-length:150  address:::1 date_web:[Thu, 15 Jun 2023 16:07:39 GMT]  
method:DELETE state:200 url:/image/delete/5da5cf2f-03b9-4f52-878a-dee8832d0888 response-time: 4.649 ms http-version: HTTP/1.1" content-length:64  address:::1 date_web:[Thu, 15 Jun 2023 16:07:49 GMT]  
method:POST state:200 url:/image/upload response-time: 9.376 ms http-version: HTTP/1.1" content-length:150  address:::1 date_web:[Thu, 15 Jun 2023 16:07:59 GMT]  
method:DELETE state:200 url:/image/delete/4835dffe-9917-450e-bddd-a06ce1114d88 response-time: 4.977 ms http-version: HTTP/1.1" content-length:64  address:::1 date_web:[Thu, 15 Jun 2023 16:08:08 GMT]  
method:POST state:200 url:/image/upload response-time: 31.766 ms http-version: HTTP/1.1" content-length:150  address:::1 date_web:[Thu, 15 Jun 2023 16:08:22 GMT]  
method:DELETE state:200 url:/image/delete/b9e67c56-37d4-478b-8825-9f5039f5d3d7 response-time: 6.006 ms http-version: HTTP/1.1" content-length:64  address:::1 date_web:[Thu, 15 Jun 2023 16:08:28 GMT]  
method:POST state:200 url:/image/upload response-time: 28.921 ms http-version: HTTP/1.1" content-length:150  address:::1 date_web:[Thu, 15 Jun 2023 16:09:02 GMT]  
method:DELETE state:200 url:/image/delete/fae2c12b-5932-4c06-b44d-8c3fb934673e response-time: 4.663 ms http-version: HTTP/1.1" content-length:64  address:::1 date_web:[Thu, 15 Jun 2023 16:09:10 GMT]  
method:POST state:200 url:/image/upload response-time: 29.304 ms http-version: HTTP/1.1" content-length:150  address:::1 date_web:[Thu, 15 Jun 2023 16:09:21 GMT]  
method:DELETE state:200 url:/image/delete/d1a3e9e9-54ba-4992-8243-4f7f281fe898 response-time: 4.832 ms http-version: HTTP/1.1" content-length:64  address:::1 date_web:[Thu, 15 Jun 2023 16:09:43 GMT]  
method:POST state:200 url:/image/upload response-time: 29.901 ms http-version: HTTP/1.1" content-length:150  address:::1 date_web:[Thu, 15 Jun 2023 16:10:06 GMT]  
method:GET state:200 url:/image/all response-time: 1.912 ms http-version: HTTP/1.1" content-length:150  address:::1 date_web:[Thu, 15 Jun 2023 16:10:12 GMT]  
method:DELETE state:200 url:/image/delete/ab25b5fb-26b5-4fb2-91c2-29c18467c861 response-time: 3.338 ms http-version: HTTP/1.1" content-length:64  address:::1 date_web:[Thu, 15 Jun 2023 16:10:20 GMT]  
method:POST state:404 url:/txt response-time: 3.037 ms http-version: HTTP/1.1" content-length:143  address:::1 date_web:[Fri, 16 Jun 2023 20:43:06 GMT]  
method:POST state:404 url:/txt response-time: 0.783 ms http-version: HTTP/1.1" content-length:143  address:::1 date_web:[Fri, 16 Jun 2023 20:44:05 GMT]  
method:POST state:400 url:/txt/upload response-time: 1.086 ms http-version: HTTP/1.1" content-length:155  address:::1 date_web:[Fri, 16 Jun 2023 20:44:32 GMT]  
method:POST state:400 url:/txt/upload response-time: 0.481 ms http-version: HTTP/1.1" content-length:155  address:::1 date_web:[Fri, 16 Jun 2023 20:46:05 GMT]  
method:POST state:400 url:/txt/upload response-time: 0.558 ms http-version: HTTP/1.1" content-length:155  address:::1 date_web:[Fri, 16 Jun 2023 20:46:06 GMT]  
method:POST state:400 url:/txt/upload response-time: 0.553 ms http-version: HTTP/1.1" content-length:155  address:::1 date_web:[Fri, 16 Jun 2023 20:47:31 GMT]  
method:POST state:200 url:/txt/upload response-time: 1.703 ms http-version: HTTP/1.1" content-length:91  address:::1 date_web:[Fri, 16 Jun 2023 20:47:34 GMT]  
method:POST state:200 url:/txt/upload response-time: 0.925 ms http-version: HTTP/1.1" content-length:160  address:::1 date_web:[Fri, 16 Jun 2023 20:47:44 GMT]  
method:POST state:200 url:/txt/upload response-time: 0.962 ms http-version: HTTP/1.1" content-length:232  address:::1 date_web:[Fri, 16 Jun 2023 20:47:46 GMT]  
method:GET state:404 url:/txt/get response-time: 0.549 ms http-version: HTTP/1.1" content-length:146  address:::1 date_web:[Fri, 16 Jun 2023 20:48:07 GMT]  
method:GET state:200 url:/txt/all response-time: 1.263 ms http-version: HTTP/1.1" content-length:232  address:::1 date_web:[Fri, 16 Jun 2023 20:48:17 GMT]  
method:DELETE state:200 url:/txt/delete/4c197802-99de-45eb-bc53-c4800a928c15 response-time: 1.383 ms http-version: HTTP/1.1" content-length:64  address:::1 date_web:[Fri, 16 Jun 2023 20:48:50 GMT]  
method:DELETE state:404 url:/txt/all response-time: 1.127 ms http-version: HTTP/1.1" content-length:149  address:::1 date_web:[Fri, 16 Jun 2023 20:49:02 GMT]  
method:GET state:200 url:/txt/all response-time: 0.828 ms http-version: HTTP/1.1" content-length:160  address:::1 date_web:[Fri, 16 Jun 2023 20:49:07 GMT]  
method:POST state:400 url:/image/upload response-time: 4.857 ms http-version: HTTP/1.1" content-length:109  address:::1 date_web:[Fri, 16 Jun 2023 20:52:30 GMT]  
method:POST state:400 url:/image/upload response-time: 47.308 ms http-version: HTTP/1.1" content-length:109  address:::1 date_web:[Fri, 16 Jun 2023 20:56:14 GMT]  
method:POST state:400 url:/image/upload response-time: 0.982 ms http-version: HTTP/1.1" content-length:109  address:::1 date_web:[Fri, 16 Jun 2023 20:59:36 GMT]  
method:POST state:400 url:/image/upload response-time: 40.098 ms http-version: HTTP/1.1" content-length:109  address:::1 date_web:[Fri, 16 Jun 2023 20:59:38 GMT]  
method:POST state:400 url:/image/upload response-time: 12.863 ms http-version: HTTP/1.1" content-length:109  address:::1 date_web:[Sat, 17 Jun 2023 05:52:06 GMT]  
method:POST state:400 url:/image/upload response-time: 42.093 ms http-version: HTTP/1.1" content-length:109  address:::1 date_web:[Sat, 17 Jun 2023 05:56:00 GMT]  
method:POST state:400 url:/image/upload response-time: 46.600 ms http-version: HTTP/1.1" content-length:109  address:::1 date_web:[Sat, 17 Jun 2023 05:56:53 GMT]  
method:POST state:400 url:/image/upload response-time: 42.459 ms http-version: HTTP/1.1" content-length:109  address:::1 date_web:[Sat, 17 Jun 2023 05:57:25 GMT]  
method:POST state:400 url:/image/upload response-time: 42.018 ms http-version: HTTP/1.1" content-length:109  address:::1 date_web:[Sat, 17 Jun 2023 05:57:26 GMT]  
method:POST state:400 url:/image/upload response-time: 42.432 ms http-version: HTTP/1.1" content-length:109  address:::1 date_web:[Sat, 17 Jun 2023 05:57:26 GMT]  
method:POST state:400 url:/image/upload response-time: 40.183 ms http-version: HTTP/1.1" content-length:109  address:::1 date_web:[Sat, 17 Jun 2023 05:57:31 GMT]  
method:POST state:400 url:/image/upload response-time: 41.730 ms http-version: HTTP/1.1" content-length:109  address:::1 date_web:[Sat, 17 Jun 2023 05:57:52 GMT]  
method:POST state:200 url:/image/upload response-time: 6.009 ms http-version: HTTP/1.1" content-length:150  address:::1 date_web:[Sat, 17 Jun 2023 06:00:42 GMT]  
method:POST state:400 url:/image/upload response-time: 1.387 ms http-version: HTTP/1.1" content-length:109  address:::1 date_web:[Sat, 17 Jun 2023 06:00:52 GMT]  
method:POST state:200 url:/image/upload response-time: 45.118 ms http-version: HTTP/1.1" content-length:275  address:::1 date_web:[Sat, 17 Jun 2023 06:01:26 GMT]  
method:DELETE state:200 url:/image/delete/698225e1-1b33-4239-a87e-569834073b17 response-time: 2.396 ms http-version: HTTP/1.1" content-length:64  address:::1 date_web:[Sat, 17 Jun 2023 06:04:18 GMT]  
method:GET state:404 url:/upload/664a5f2c-0d00-4af3-b712-00bc27031217.jpg response-time: 1.526 ms http-version: HTTP/1.1" content-length:186  address:::1 date_web:[Sat, 17 Jun 2023 06:04:40 GMT]  
method:GET state:200 url:/image/all response-time: 1.182 ms http-version: HTTP/1.1" content-length:150  address:::1 date_web:[Sat, 17 Jun 2023 06:05:07 GMT]  
method:GET state:404 url:/favicon.ico response-time: 1.012 ms http-version: HTTP/1.1" content-length:150  address:::1 date_web:[Sat, 17 Jun 2023 06:05:14 GMT]  
method:GET state:404 url:/favicon.ico response-time: 0.716 ms http-version: HTTP/1.1" content-length:150  address:::1 date_web:[Sat, 17 Jun 2023 06:05:14 GMT]  
method:POST state:400 url:/services/upload response-time: 3.822 ms http-version: HTTP/1.1" content-length:155  address:::1 date_web:[Sat, 17 Jun 2023 07:48:44 GMT]  
method:POST state:404 url:/services/all response-time: 1.618 ms http-version: HTTP/1.1" content-length:152  address:::1 date_web:[Sat, 17 Jun 2023 07:49:24 GMT]  
method:POST state:400 url:/services/upload response-time: 3.602 ms http-version: HTTP/1.1" content-length:155  address:::1 date_web:[Sat, 17 Jun 2023 07:52:14 GMT]  
method:POST state:200 url:/image/upload response-time: 12.322 ms http-version: HTTP/1.1" content-length:275  address:::1 date_web:[Sat, 17 Jun 2023 07:54:10 GMT]  
method:GET state:200 url:/services/all response-time: 5.719 ms http-version: HTTP/1.1" content-length:160  address:::1 date_web:[Sat, 17 Jun 2023 07:55:10 GMT]  
method:POST state:400 url:/services/upload response-time: 1.175 ms http-version: HTTP/1.1" content-length:155  address:::1 date_web:[Sat, 17 Jun 2023 07:55:29 GMT]  
method:POST state:400 url:/services/upload response-time: 0.467 ms http-version: HTTP/1.1" content-length:155  address:::1 date_web:[Sat, 17 Jun 2023 07:56:13 GMT]  
method:POST state:404 url:/txt/upload response-time: 1.245 ms http-version: HTTP/1.1" content-length:150  address:::1 date_web:[Sat, 17 Jun 2023 07:58:07 GMT]  
method:POST state:400 url:/txt/upload response-time: 5.188 ms http-version: HTTP/1.1" content-length:155  address:::1 date_web:[Sat, 17 Jun 2023 07:58:38 GMT]  
method:POST state:400 url:/txt/upload response-time: 0.769 ms http-version: HTTP/1.1" content-length:155  address:::1 date_web:[Sat, 17 Jun 2023 07:58:39 GMT]  
method:POST state:400 url:/txt/upload response-time: 0.590 ms http-version: HTTP/1.1" content-length:155  address:::1 date_web:[Sat, 17 Jun 2023 07:58:40 GMT]  
method:POST state:400 url:/txt/upload response-time: 0.363 ms http-version: HTTP/1.1" content-length:155  address:::1 date_web:[Sat, 17 Jun 2023 07:58:41 GMT]  
method:POST state:400 url:/txt/upload response-time: 0.455 ms http-version: HTTP/1.1" content-length:155  address:::1 date_web:[Sat, 17 Jun 2023 07:58:46 GMT]  
method:POST state:400 url:/txt/upload response-time: 0.526 ms http-version: HTTP/1.1" content-length:155  address:::1 date_web:[Sat, 17 Jun 2023 08:31:38 GMT]  
method:POST state:400 url:/txt/upload response-time: 0.353 ms http-version: HTTP/1.1" content-length:155  address:::1 date_web:[Sat, 17 Jun 2023 08:31:58 GMT]  
method:POST state:400 url:/txt/upload response-time: 0.324 ms http-version: HTTP/1.1" content-length:155  address:::1 date_web:[Sat, 17 Jun 2023 08:32:04 GMT]  
method:POST state:400 url:/txt/upload response-time: 0.637 ms http-version: HTTP/1.1" content-length:155  address:::1 date_web:[Sat, 17 Jun 2023 08:32:05 GMT]  
method:POST state:400 url:/txt/upload response-time: 0.517 ms http-version: HTTP/1.1" content-length:155  address:::1 date_web:[Sat, 17 Jun 2023 08:32:06 GMT]  
method:POST state:400 url:/txt/upload response-time: 0.465 ms http-version: HTTP/1.1" content-length:155  address:::1 date_web:[Sat, 17 Jun 2023 08:32:06 GMT]  
method:POST state:400 url:/txt/upload response-time: 0.711 ms http-version: HTTP/1.1" content-length:155  address:::1 date_web:[Sat, 17 Jun 2023 08:32:07 GMT]  
method:POST state:400 url:/txt/upload response-time: 0.535 ms http-version: HTTP/1.1" content-length:155  address:::1 date_web:[Sat, 17 Jun 2023 08:32:07 GMT]  
method:POST state:400 url:/txt/upload response-time: 0.479 ms http-version: HTTP/1.1" content-length:155  address:::1 date_web:[Sat, 17 Jun 2023 08:32:08 GMT]  
method:POST state:400 url:/txt/upload response-time: 0.368 ms http-version: HTTP/1.1" content-length:155  address:::1 date_web:[Sat, 17 Jun 2023 08:32:08 GMT]  
method:POST state:404 url:/txt/all response-time: 1.247 ms http-version: HTTP/1.1" content-length:147  address:::1 date_web:[Sat, 17 Jun 2023 08:33:15 GMT]  
method:GET state:200 url:/txt/all response-time: 1.731 ms http-version: HTTP/1.1" content-length:26  address:::1 date_web:[Sat, 17 Jun 2023 08:33:19 GMT]  
method:POST state:200 url:/txt/upload response-time: 1.328 ms http-version: HTTP/1.1" content-length:103  address:::1 date_web:[Sat, 17 Jun 2023 08:34:03 GMT]  
method:POST state:404 url:/services/upload response-time: 0.482 ms http-version: HTTP/1.1" content-length:155  address:::1 date_web:[Sat, 17 Jun 2023 08:34:22 GMT]  
method:POST state:200 url:/services/upload response-time: 6.201 ms http-version: HTTP/1.1" content-length:181  address:::1 date_web:[Sat, 17 Jun 2023 08:34:43 GMT]  
method:POST state:200 url:/services/upload response-time: 6.080 ms http-version: HTTP/1.1" content-length:259  address:::1 date_web:[Sat, 17 Jun 2023 08:35:13 GMT]  
method:POST state:200 url:/services/upload response-time: 10.097 ms http-version: HTTP/1.1" content-length:337  address:::1 date_web:[Sat, 17 Jun 2023 08:35:32 GMT]  
method:POST state:200 url:/services/upload response-time: 5.906 ms http-version: HTTP/1.1" content-length:415  address:::1 date_web:[Sat, 17 Jun 2023 08:36:23 GMT]  
method:POST state:404 url:/opions/upload response-time: 5.006 ms http-version: HTTP/1.1" content-length:153  address:::1 date_web:[Sat, 17 Jun 2023 08:39:40 GMT]  
method:POST state:404 url:/opinons/upload response-time: 1.195 ms http-version: HTTP/1.1" content-length:154  address:::1 date_web:[Sat, 17 Jun 2023 08:39:51 GMT]  
method:POST state:200 url:/services/upload response-time: 4.969 ms http-version: HTTP/1.1" content-length:415  address:::1 date_web:[Sat, 17 Jun 2023 08:39:57 GMT]  
method:POST state:200 url:/services/upload response-time: 7.865 ms http-version: HTTP/1.1" content-length:493  address:::1 date_web:[Sat, 17 Jun 2023 08:40:49 GMT]  
method:POST state:200 url:/opinions/upload response-time: 1.762 ms http-version: HTTP/1.1" content-length:571  address:::1 date_web:[Sat, 17 Jun 2023 08:40:58 GMT]  
method:POST state:200 url:/opinions/upload response-time: 1.302 ms http-version: HTTP/1.1" content-length:649  address:::1 date_web:[Sat, 17 Jun 2023 08:40:59 GMT]  
method:POST state:200 url:/opinions/upload response-time: 9.604 ms http-version: HTTP/1.1" content-length:740  address:::1 date_web:[Sat, 17 Jun 2023 08:42:13 GMT]  
method:GET state:200 url:/opinions/all response-time: 2.091 ms http-version: HTTP/1.1" content-length:740  address:::1 date_web:[Sat, 17 Jun 2023 08:44:41 GMT]  
method:GET state:200 url:/opinions/all response-time: 2.887 ms http-version: HTTP/1.1" content-length:740  address:::1 date_web:[Tue, 20 Jun 2023 07:59:27 GMT]  
method:POST state:200 url:/image/upload response-time: 8.276 ms http-version: HTTP/1.1" content-length:150  address:::1 date_web:[Tue, 20 Jun 2023 08:00:01 GMT]  
method:POST state:200 url:/image/upload response-time: 3.919 ms http-version: HTTP/1.1" content-length:275  address:::1 date_web:[Tue, 20 Jun 2023 08:04:59 GMT]  
method:POST state:200 url:/image/upload response-time: 15.667 ms http-version: HTTP/1.1" content-length:400  address:::1 date_web:[Tue, 20 Jun 2023 08:05:19 GMT]  
method:POST state:200 url:/opinions/upload response-time: 6.405 ms http-version: HTTP/1.1" content-length:131  address:::1 date_web:[Tue, 20 Jun 2023 08:07:28 GMT]  
method:POST state:200 url:/opinions/upload response-time: 1.943 ms http-version: HTTP/1.1" content-length:241  address:::1 date_web:[Tue, 20 Jun 2023 08:07:38 GMT]  
method:POST state:200 url:/opinions/upload response-time: 0.963 ms http-version: HTTP/1.1" content-length:351  address:::1 date_web:[Tue, 20 Jun 2023 08:07:46 GMT]  
method:POST state:200 url:/opinions/upload response-time: 0.903 ms http-version: HTTP/1.1" content-length:461  address:::1 date_web:[Tue, 20 Jun 2023 08:07:52 GMT]  
method:POST state:200 url:/opinions/upload response-time: 3.432 ms http-version: HTTP/1.1" content-length:571  address:::1 date_web:[Tue, 20 Jun 2023 08:07:59 GMT]  
method:POST state:200 url:/opinions/upload response-time: 0.860 ms http-version: HTTP/1.1" content-length:681  address:::1 date_web:[Tue, 20 Jun 2023 08:08:00 GMT]  
method:POST state:200 url:/opinions/upload response-time: 0.664 ms http-version: HTTP/1.1" content-length:791  address:::1 date_web:[Tue, 20 Jun 2023 08:08:01 GMT]  
method:POST state:200 url:/services/upload response-time: 1.363 ms http-version: HTTP/1.1" content-length:880  address:::1 date_web:[Tue, 20 Jun 2023 08:09:23 GMT]  
method:POST state:200 url:/services/upload response-time: 1.965 ms http-version: HTTP/1.1" content-length:114  address:::1 date_web:[Tue, 20 Jun 2023 08:11:05 GMT]  
method:POST state:200 url:/services/upload response-time: 1.992 ms http-version: HTTP/1.1" content-length:217  address:::1 date_web:[Tue, 20 Jun 2023 08:11:29 GMT]  
method:POST state:200 url:/services/upload response-time: 2.019 ms http-version: HTTP/1.1" content-length:313  address:::1 date_web:[Tue, 20 Jun 2023 08:11:41 GMT]  
method:POST state:404 url:/services/all response-time: 3.553 ms http-version: HTTP/1.1" content-length:152  address:::1 date_web:[Tue, 20 Jun 2023 08:14:14 GMT]  
method:GET state:200 url:/services/all response-time: 3.493 ms http-version: HTTP/1.1" content-length:313  address:::1 date_web:[Tue, 20 Jun 2023 08:14:18 GMT]  
method:GET state:200 url:/servicesar/all response-time: 0.941 ms http-version: HTTP/1.1" content-length:313  address:::1 date_web:[Tue, 20 Jun 2023 08:14:23 GMT]  
method:GET state:200 url:/servicesar/all response-time: 0.698 ms http-version: HTTP/1.1" content-length:313  address:::1 date_web:[Tue, 20 Jun 2023 08:14:24 GMT]  
method:GET state:200 url:/servicesar/all response-time: 0.768 ms http-version: HTTP/1.1" content-length:313  address:::1 date_web:[Tue, 20 Jun 2023 08:15:09 GMT]  
method:GET state:200 url:/servicesar/all response-time: 10.149 ms http-version: HTTP/1.1" content-length:313  address:::1 date_web:[Tue, 20 Jun 2023 08:16:45 GMT]  
method:GET state:200 url:/servicesar/all response-time: 5.507 ms http-version: HTTP/1.1" content-length:26  address:::1 date_web:[Tue, 20 Jun 2023 08:17:27 GMT]  
method:POST state:200 url:/image/upload response-time: 12.400 ms http-version: HTTP/1.1" content-length:150  address:::1 date_web:[Tue, 20 Jun 2023 08:24:20 GMT]  
method:GET state:200 url:/opinions/all response-time: 8.647 ms http-version: HTTP/1.1" content-length:131  address:::ffff:127.0.0.1 date_web:[Sat, 19 Aug 2023 11:33:10 GMT]  
method:POST state:200 url:/opinions/upload?lang=ar response-time: 1.829 ms http-version: HTTP/1.1" content-length:209  address:::ffff:127.0.0.1 date_web:[Sat, 19 Aug 2023 11:41:08 GMT]  
method:POST state:404 url:/opinions/upload?lang=en response-time: 3.213 ms http-version: HTTP/1.1" content-length:155  address:::ffff:127.0.0.1 date_web:[Sat, 19 Aug 2023 11:42:15 GMT]  
method:POST state:404 url:/opinions/upload?lang=ar response-time: 1.086 ms http-version: HTTP/1.1" content-length:155  address:::ffff:127.0.0.1 date_web:[Sat, 19 Aug 2023 11:42:28 GMT]  
method:POST state:404 url:/opinions/upload?lang=en response-time: 0.734 ms http-version: HTTP/1.1" content-length:155  address:::ffff:127.0.0.1 date_web:[Sat, 19 Aug 2023 11:43:03 GMT]  
method:POST state:404 url:/opinions/upload?lang=ar response-time: 0.363 ms http-version: HTTP/1.1" content-length:155  address:::ffff:127.0.0.1 date_web:[Sat, 19 Aug 2023 11:43:13 GMT]  
method:POST state:404 url:/opinions/upload?lang=ar response-time: 4.443 ms http-version: HTTP/1.1" content-length:155  address:::ffff:127.0.0.1 date_web:[Sat, 19 Aug 2023 11:43:48 GMT]  
method:POST state:404 url:/opinions/upload?lang=ar response-time: 3.556 ms http-version: HTTP/1.1" content-length:155  address:::ffff:127.0.0.1 date_web:[Sat, 19 Aug 2023 11:44:47 GMT]  
method:POST state:404 url:/opinions/upload?lang=ar response-time: 0.770 ms http-version: HTTP/1.1" content-length:155  address:::ffff:127.0.0.1 date_web:[Sat, 19 Aug 2023 11:44:48 GMT]  
method:POST state:404 url:/opinions/upload?lang=ar response-time: 0.561 ms http-version: HTTP/1.1" content-length:155  address:::ffff:127.0.0.1 date_web:[Sat, 19 Aug 2023 11:44:48 GMT]  
method:POST state:404 url:/opinions/upload?lang=ar response-time: 0.343 ms http-version: HTTP/1.1" content-length:155  address:::ffff:127.0.0.1 date_web:[Sat, 19 Aug 2023 11:44:48 GMT]  
method:GET state:404 url:/opinions/all response-time: 0.457 ms http-version: HTTP/1.1" content-length:151  address:::ffff:127.0.0.1 date_web:[Sat, 19 Aug 2023 11:45:03 GMT]  
method:GET state:404 url:/opinions/all response-time: 1.595 ms http-version: HTTP/1.1" content-length:151  address:::ffff:127.0.0.1 date_web:[Sat, 19 Aug 2023 11:45:04 GMT]  
method:GET state:404 url:/opinions/all response-time: 0.327 ms http-version: HTTP/1.1" content-length:151  address:::ffff:127.0.0.1 date_web:[Sat, 19 Aug 2023 11:45:04 GMT]  
method:GET state:404 url:/opinions/all response-time: 0.372 ms http-version: HTTP/1.1" content-length:151  address:::ffff:127.0.0.1 date_web:[Sat, 19 Aug 2023 11:45:04 GMT]  
method:GET state:404 url:/opinions/all response-time: 0.536 ms http-version: HTTP/1.1" content-length:151  address:::ffff:127.0.0.1 date_web:[Sat, 19 Aug 2023 11:45:04 GMT]  
method:GET state:404 url:/opinions/all response-time: 0.407 ms http-version: HTTP/1.1" content-length:151  address:::ffff:127.0.0.1 date_web:[Sat, 19 Aug 2023 11:45:05 GMT]  
method:GET state:404 url:/opinions/all response-time: 0.421 ms http-version: HTTP/1.1" content-length:151  address:::ffff:127.0.0.1 date_web:[Sat, 19 Aug 2023 11:45:05 GMT]  
method:GET state:404 url:/opinions/all response-time: 0.390 ms http-version: HTTP/1.1" content-length:151  address:::ffff:127.0.0.1 date_web:[Sat, 19 Aug 2023 11:45:05 GMT]  
method:GET state:404 url:/opinions/all response-time: 0.409 ms http-version: HTTP/1.1" content-length:151  address:::ffff:127.0.0.1 date_web:[Sat, 19 Aug 2023 11:45:06 GMT]  
method:GET state:404 url:/opinions/all response-time: 0.397 ms http-version: HTTP/1.1" content-length:151  address:::ffff:127.0.0.1 date_web:[Sat, 19 Aug 2023 11:45:06 GMT]  
method:GET state:404 url:/opinions/all response-time: 0.298 ms http-version: HTTP/1.1" content-length:151  address:::ffff:127.0.0.1 date_web:[Sat, 19 Aug 2023 11:45:06 GMT]  
method:GET state:404 url:/opinions/all response-time: 7.561 ms http-version: HTTP/1.1" content-length:151  address:::ffff:127.0.0.1 date_web:[Sat, 19 Aug 2023 11:47:04 GMT]  
method:GET state:404 url:/opinions/all?lang=ar response-time: 1.167 ms http-version: HTTP/1.1" content-length:151  address:::ffff:127.0.0.1 date_web:[Sat, 19 Aug 2023 11:47:30 GMT]  
method:GET state:404 url:/opinions/all?lang=ar response-time: 0.562 ms http-version: HTTP/1.1" content-length:151  address:::ffff:127.0.0.1 date_web:[Sat, 19 Aug 2023 11:47:31 GMT]  
method:GET state:404 url:/opinions/all?lang=ar response-time: 0.400 ms http-version: HTTP/1.1" content-length:151  address:::ffff:127.0.0.1 date_web:[Sat, 19 Aug 2023 11:47:31 GMT]  
method:GET state:404 url:/opinions/all?lang=ar response-time: 0.425 ms http-version: HTTP/1.1" content-length:151  address:::ffff:127.0.0.1 date_web:[Sat, 19 Aug 2023 11:47:31 GMT]  
method:GET state:404 url:/opinions/all?lang=ar response-time: 1.145 ms http-version: HTTP/1.1" content-length:151  address:::ffff:127.0.0.1 date_web:[Sat, 19 Aug 2023 11:47:32 GMT]  
method:GET state:200 url:/opinions/all?lang=ar response-time: 5.664 ms http-version: HTTP/1.1" content-length:209  address:::ffff:127.0.0.1 date_web:[Sat, 19 Aug 2023 11:47:49 GMT]  
method:GET state:200 url:/opinions/all response-time: 1.445 ms http-version: HTTP/1.1" content-length:209  address:::ffff:127.0.0.1 date_web:[Sat, 19 Aug 2023 11:47:54 GMT]  
method:GET state:200 url:/opinions/all?lang=ar response-time: 1.144 ms http-version: HTTP/1.1" content-length:209  address:::ffff:127.0.0.1 date_web:[Sat, 19 Aug 2023 11:48:59 GMT]  
method:GET state:200 url:/opinions/all?lang=ar response-time: 0.731 ms http-version: HTTP/1.1" content-length:209  address:::ffff:127.0.0.1 date_web:[Sat, 19 Aug 2023 11:49:00 GMT]  
method:GET state:404 url:/opinions/all?lang=ar response-time: 3.438 ms http-version: HTTP/1.1" content-length:151  address:::ffff:127.0.0.1 date_web:[Sat, 19 Aug 2023 11:49:16 GMT]  
method:GET state:404 url:/opinions/all?lang=ar response-time: 2.356 ms http-version: HTTP/1.1" content-length:151  address:::ffff:127.0.0.1 date_web:[Sat, 19 Aug 2023 11:49:36 GMT]  
method:GET state:404 url:/opinions/all?lang=ar response-time: 1.119 ms http-version: HTTP/1.1" content-length:151  address:::1 date_web:[Sat, 19 Aug 2023 11:50:12 GMT]  
method:GET state:404 url:/opinions/all response-time: 0.694 ms http-version: HTTP/1.1" content-length:151  address:::1 date_web:[Sat, 19 Aug 2023 11:50:19 GMT]  
method:GET state:404 url:/opinions/all response-time: 1.131 ms http-version: HTTP/1.1" content-length:151  address:::1 date_web:[Sat, 19 Aug 2023 11:50:20 GMT]  
method:GET state:404 url:/opinions/all response-time: 0.534 ms http-version: HTTP/1.1" content-length:151  address:::1 date_web:[Sat, 19 Aug 2023 11:50:22 GMT]  
method:GET state:200 url:/opinions/all response-time: 5.270 ms http-version: HTTP/1.1" content-length:209  address:::1 date_web:[Sat, 19 Aug 2023 11:50:36 GMT]  
method:GET state:404 url:/opinions/upload?locale=ar response-time: 4.129 ms http-version: HTTP/1.1" content-length:154  address:::1 date_web:[Sat, 19 Aug 2023 11:53:07 GMT]  
method:GET state:404 url:/opinions/upload response-time: 3.918 ms http-version: HTTP/1.1" content-length:154  address:::1 date_web:[Sat, 19 Aug 2023 11:53:43 GMT]  
method:POST state:200 url:/opinions/upload response-time: 6.711 ms http-version: HTTP/1.1" content-length:287  address:::1 date_web:[Sat, 19 Aug 2023 12:15:00 GMT]  
method:POST state:200 url:/opinions/upload response-time: 1.483 ms http-version: HTTP/1.1" content-length:287  address:::1 date_web:[Sat, 19 Aug 2023 12:15:11 GMT]  
method:POST state:200 url:/opinions/upload response-time: 6.806 ms http-version: HTTP/1.1" content-length:294  address:::1 date_web:[Sat, 19 Aug 2023 12:16:22 GMT]  
method:POST state:200 url:/opinions/upload response-time: 2.077 ms http-version: HTTP/1.1" content-length:287  address:::1 date_web:[Sat, 19 Aug 2023 12:16:33 GMT]  
method:POST state:200 url:/opinions/upload response-time: 1.366 ms http-version: HTTP/1.1" content-length:288  address:::1 date_web:[Sat, 19 Aug 2023 12:16:44 GMT]  
method:POST state:200 url:/opinions/upload response-time: 0.822 ms http-version: HTTP/1.1" content-length:182  address:::1 date_web:[Sat, 19 Aug 2023 12:18:44 GMT]  
method:POST state:200 url:/opinions/upload response-time: 1.307 ms http-version: HTTP/1.1" content-length:182  address:::1 date_web:[Sat, 19 Aug 2023 12:18:46 GMT]  
method:POST state:200 url:/opinions/upload response-time: 1.057 ms http-version: HTTP/1.1" content-length:182  address:::1 date_web:[Sat, 19 Aug 2023 12:18:47 GMT]  
method:POST state:200 url:/opinions/upload response-time: 0.833 ms http-version: HTTP/1.1" content-length:182  address:::1 date_web:[Sat, 19 Aug 2023 12:18:48 GMT]  
method:POST state:200 url:/opinions/upload response-time: 0.828 ms http-version: HTTP/1.1" content-length:182  address:::1 date_web:[Sat, 19 Aug 2023 12:18:49 GMT]  
method:POST state:200 url:/opinions/upload response-time: 1.881 ms http-version: HTTP/1.1" content-length:182  address:::1 date_web:[Sat, 19 Aug 2023 12:18:49 GMT]  
method:POST state:200 url:/opinions/upload response-time: 1.315 ms http-version: HTTP/1.1" content-length:182  address:::1 date_web:[Sat, 19 Aug 2023 12:18:50 GMT]  
method:POST state:200 url:/opinions/upload response-time: 1.491 ms http-version: HTTP/1.1" content-length:182  address:::1 date_web:[Sat, 19 Aug 2023 12:18:51 GMT]  
method:POST state:200 url:/opinions/upload response-time: 1.013 ms http-version: HTTP/1.1" content-length:182  address:::1 date_web:[Sat, 19 Aug 2023 12:18:52 GMT]  
method:POST state:200 url:/opinions/upload response-time: 1.401 ms http-version: HTTP/1.1" content-length:182  address:::1 date_web:[Sat, 19 Aug 2023 12:19:05 GMT]  
method:POST state:200 url:/opinions/upload response-time: 1.243 ms http-version: HTTP/1.1" content-length:182  address:::1 date_web:[Sat, 19 Aug 2023 12:19:10 GMT]  
method:POST state:200 url:/opinions/upload response-time: 1.041 ms http-version: HTTP/1.1" content-length:182  address:::1 date_web:[Sat, 19 Aug 2023 12:19:11 GMT]  
method:GET state:404 url:/opinions/upload/all response-time: 2.745 ms http-version: HTTP/1.1" content-length:158  address:::1 date_web:[Sat, 19 Aug 2023 12:19:34 GMT]  
method:GET state:200 url:/opinions/all response-time: 1.427 ms http-version: HTTP/1.1" content-length:103  address:::1 date_web:[Sat, 19 Aug 2023 12:19:47 GMT]  
method:GET state:200 url:/opinions/all response-time: 6.739 ms http-version: HTTP/1.1" content-length:182  address:::1 date_web:[Sat, 19 Aug 2023 12:20:57 GMT]  
method:GET state:200 url:/opinions/all response-time: 1.781 ms http-version: HTTP/1.1" content-length:103  address:::1 date_web:[Sat, 19 Aug 2023 12:21:03 GMT]  
method:POST state:200 url:/opinions/upload response-time: 6.182 ms http-version: HTTP/1.1" content-length:182  address:::1 date_web:[Sat, 19 Aug 2023 12:22:34 GMT]  
method:POST state:200 url:/opinions/upload response-time: 1.406 ms http-version: HTTP/1.1" content-length:182  address:::1 date_web:[Sat, 19 Aug 2023 12:22:35 GMT]  
method:POST state:200 url:/opinions/upload response-time: 1.240 ms http-version: HTTP/1.1" content-length:182  address:::1 date_web:[Sat, 19 Aug 2023 12:22:36 GMT]  
method:POST state:200 url:/opinions/upload response-time: 6.055 ms http-version: HTTP/1.1" content-length:182  address:::1 date_web:[Sat, 19 Aug 2023 12:23:17 GMT]  
method:POST state:200 url:/opinions/upload response-time: 1.309 ms http-version: HTTP/1.1" content-length:182  address:::1 date_web:[Sat, 19 Aug 2023 12:23:18 GMT]  
method:POST state:200 url:/opinions/upload response-time: 1.217 ms http-version: HTTP/1.1" content-length:182  address:::1 date_web:[Sat, 19 Aug 2023 12:23:19 GMT]  
method:POST state:404 url:/services/all response-time: 3.697 ms http-version: HTTP/1.1" content-length:152  address:::1 date_web:[Sat, 19 Aug 2023 12:33:17 GMT]  
method:GET state:200 url:/services/all response-time: 4.467 ms http-version: HTTP/1.1" content-length:283  address:::1 date_web:[Sat, 19 Aug 2023 12:33:23 GMT]  
method:GET state:200 url:/services/all response-time: 2.666 ms http-version: HTTP/1.1" content-length:313  address:::1 date_web:[Sat, 19 Aug 2023 12:33:28 GMT]  
method:POST state:404 url:/upload response-time: 0.888 ms http-version: HTTP/1.1" content-length:146  address:::1 date_web:[Sat, 19 Aug 2023 12:34:10 GMT]  
method:POST state:200 url:/services/upload response-time: 2.452 ms http-version: HTTP/1.1" content-length:385  address:::1 date_web:[Sat, 19 Aug 2023 12:34:27 GMT]  
method:POST state:200 url:/services/upload response-time: 1.096 ms http-version: HTTP/1.1" content-length:458  address:::1 date_web:[Sat, 19 Aug 2023 12:34:39 GMT]  
method:POST state:200 url:/services/upload response-time: 0.783 ms http-version: HTTP/1.1" content-length:356  address:::1 date_web:[Sat, 19 Aug 2023 12:34:46 GMT]  
method:POST state:200 url:/services/upload response-time: 6.126 ms http-version: HTTP/1.1" content-length:423  address:::1 date_web:[Sat, 19 Aug 2023 12:35:32 GMT]  
method:POST state:404 url:/services/all response-time: 1.996 ms http-version: HTTP/1.1" content-length:152  address:::1 date_web:[Sat, 19 Aug 2023 12:35:41 GMT]  
method:GET state:200 url:/services/all response-time: 1.596 ms http-version: HTTP/1.1" content-length:423  address:::1 date_web:[Sat, 19 Aug 2023 12:35:46 GMT]  
method:GET state:200 url:/opinions/all response-time: 3.378 ms http-version: HTTP/1.1" content-length:182  address:::1 date_web:[Sat, 19 Aug 2023 12:35:56 GMT]  
method:POST state:200 url:/opinions/upload response-time: 1.579 ms http-version: HTTP/1.1" content-length:183  address:::1 date_web:[Sat, 19 Aug 2023 12:36:20 GMT]  
method:POST state:200 url:/opinions/upload response-time: 1.155 ms http-version: HTTP/1.1" content-length:183  address:::1 date_web:[Sat, 19 Aug 2023 12:36:23 GMT]  
method:POST state:200 url:/opinions/upload response-time: 0.675 ms http-version: HTTP/1.1" content-length:183  address:::1 date_web:[Sat, 19 Aug 2023 12:36:24 GMT]  
method:POST state:200 url:/opinions/upload response-time: 2.076 ms http-version: HTTP/1.1" content-length:183  address:::1 date_web:[Sat, 19 Aug 2023 12:36:25 GMT]  
method:POST state:200 url:/opinions/upload response-time: 6.089 ms http-version: HTTP/1.1" content-length:250  address:::1 date_web:[Sat, 19 Aug 2023 12:38:42 GMT]  
method:POST state:200 url:/opinions/upload response-time: 1.505 ms http-version: HTTP/1.1" content-length:317  address:::1 date_web:[Sat, 19 Aug 2023 12:38:43 GMT]  
method:POST state:200 url:/opinions/upload response-time: 1.343 ms http-version: HTTP/1.1" content-length:170  address:::1 date_web:[Sat, 19 Aug 2023 12:38:50 GMT]  
method:POST state:200 url:/opinions/upload response-time: 6.464 ms http-version: HTTP/1.1" content-length:384  address:::1 date_web:[Sat, 19 Aug 2023 12:43:07 GMT]  
method:POST state:404 url:/opinions/all response-time: 3.749 ms http-version: HTTP/1.1" content-length:152  address:::1 date_web:[Mon, 21 Aug 2023 13:25:15 GMT]  
method:POST state:404 url:/opinions/all response-time: 0.959 ms http-version: HTTP/1.1" content-length:152  address:::1 date_web:[Mon, 21 Aug 2023 13:25:17 GMT]  
method:POST state:404 url:/opinions/all response-time: 0.757 ms http-version: HTTP/1.1" content-length:152  address:::1 date_web:[Mon, 21 Aug 2023 13:25:18 GMT]  
method:GET state:200 url:/opinions/all response-time: 7.961 ms http-version: HTTP/1.1" content-length:317  address:::1 date_web:[Mon, 21 Aug 2023 13:58:48 GMT]  
method:POST state:404 url:/opinions/all response-time: 1.621 ms http-version: HTTP/1.1" content-length:152  address:::1 date_web:[Mon, 21 Aug 2023 13:59:06 GMT]  
method:POST state:200 url:/opinions/all response-time: 6.643 ms http-version: HTTP/1.1" content-length:317  address:::1 date_web:[Mon, 21 Aug 2023 13:59:18 GMT]  
method:POST state:404 url:/services/all response-time: 3.667 ms http-version: HTTP/1.1" content-length:152  address:::1 date_web:[Mon, 21 Aug 2023 14:00:06 GMT]  
method:POST state:404 url:/services/all response-time: 0.799 ms http-version: HTTP/1.1" content-length:152  address:::1 date_web:[Mon, 21 Aug 2023 14:00:30 GMT]  
method:POST state:200 url:/services/all response-time: 13.064 ms http-version: HTTP/1.1" content-length:458  address:::1 date_web:[Mon, 21 Aug 2023 14:00:44 GMT]  
method:POST state:400 url:/image/upload response-time: 10.844 ms http-version: HTTP/1.1" content-length:109  address:::1 date_web:[Mon, 21 Aug 2023 14:24:42 GMT]  
method:POST state:400 url:/image/upload response-time: 2.835 ms http-version: HTTP/1.1" content-length:155  address:::1 date_web:[Mon, 21 Aug 2023 14:26:50 GMT]  
method:POST state:200 url:/image/upload response-time: 6.431 ms http-version: HTTP/1.1" content-length:275  address:::1 date_web:[Mon, 21 Aug 2023 14:27:02 GMT]  
method:POST state:200 url:/image/upload response-time: 2.524 ms http-version: HTTP/1.1" content-length:400  address:::1 date_web:[Mon, 21 Aug 2023 14:27:13 GMT]  
method:POST state:200 url:/image/upload response-time: 8.344 ms http-version: HTTP/1.1" content-length:526  address:::1 date_web:[Mon, 21 Aug 2023 14:27:21 GMT]  
method:GET state:404 url:/upload/04aab90b-647c-4d6a-9939-e60e93d89cf6.jpg response-time: 2.851 ms http-version: HTTP/1.1" content-length:186  address:::1 date_web:[Mon, 21 Aug 2023 14:28:01 GMT]  
